#
# A fatal error has been detected by the Java Runtime Environment:
#
#  SIGSEGV (0xb) at pc=0x00007fff54ed4b10, pid=37834, tid=0x0000000000002703
#
# JRE version: Java(TM) SE Runtime Environment (8.0_161-b12) (build 1.8.0_161-b12)
# Java VM: Java HotSpot(TM) 64-Bit Server VM (25.161-b12 mixed mode bsd-amd64 compressed oops)
# Problematic frame:
# C  [libstdc++.6.0.9.dylib+0x2cb10]  std::string::assign(char const*, unsigned long)+0x26
#
# Failed to write core dump. Core dumps have been disabled. To enable core dumping, try "ulimit -c unlimited" before starting Java again
#
# If you would like to submit a bug report, please visit:
#   http://bugreport.java.com/bugreport/crash.jsp
# The crash happened outside the Java Virtual Machine in native code.
# See problematic frame for where to report the bug.
#

---------------  T H R E A D  ---------------

Current thread (0x00007fb9e7001800):  JavaThread "main" [_thread_in_native, id=9987, stack(0x0000700009cee000,0x0000700009dee000)]

siginfo: si_signo: 11 (SIGSEGV), si_code: 1 (SEGV_MAPERR), si_addr: 0x00007fb900000000

Registers:
RAX=0x3ffffffffffffffa, RBX=0x0000000000000024, RCX=0x0000000000000000, RDX=0x0000000000000024
RSP=0x0000700009debec0, RBP=0x0000700009debee0, RSI=0x0000700009ded2f0, RDI=0x00007fb900000000
R8 =0x0000700009debc20, R9 =0x0000700009debe60, R10=0x00007fb9e6042460, R11=0x00006ffeda4f487d
R12=0x0000700009ded740, R13=0x0000700009ded6b8, R14=0x00007fb900000000, R15=0x0000700009ded2f0
RIP=0x00007fff54ed4b10, EFLAGS=0x0000000000010293, ERR=0x0000000000000004
  TRAPNO=0x000000000000000e

Top of Stack: (sp=0x0000700009debec0)
0x0000700009debec0:   0000000000000024 0000700009ded2f0
0x0000700009debed0:   00007fb9e585b000 00007fb9e585c000
0x0000700009debee0:   0000700009ded3f0 000000012f003ae8
0x0000700009debef0:   0000700009debfc0 00000001109d0cfc
0x0000700009debf00:   0000000000000000 00007fff8de10030
0x0000700009debf10:   00007fb900000000 0000000000000000
0x0000700009debf20:   0000000000000039 0000700009dec4e8
0x0000700009debf30:   ffffffffffffffff 0000000300000000
0x0000700009debf40:   0000700009debf90 0000700009dec618
0x0000700009debf50:   0000700009debf80 00000001107f3f58
0x0000700009debf60:   000000012f003160 000000012f5a4240
0x0000700009debf70:   000000012f5a4290 000000012f5a4300
0x0000700009debf80:   000000012f5a43f0 0000000100000021
0x0000700009debf90:   000000011333c4b0 000000011333c4b0
0x0000700009debfa0:   0000000000000000 0000700009dec648
0x0000700009debfb0:   00007fb9e7001800 0000000113339c50
0x0000700009debfc0:   0000700009dec6a0 0000000110ae9756
0x0000700009debfd0:   00007fb9e587ca10 0000000009dec778
0x0000700009debfe0:   0000000000000000 000000012f9ec7b0
0x0000700009debff0:   00007fb90000007c 0000000000000000
0x0000700009dec000:   0000000000000000 00007fb9e4e23240
0x0000700009dec010:   0000700009ded3f0 0000700009debef0
0x0000700009dec020:   0000700009ded740 0000700009ded6b8
0x0000700009dec030:   00007fb9e585b000 00007fb9e585c000
0x0000700009dec040:   000000012f003aa9 0000700009dec150
0x0000700009dec050:   0000037f00001fa0 0000000100000004
0x0000700009dec060:   0000700000000004 00007fb9e7001800
0x0000700009dec070:   0000700009dec090 00000001106fd0fb
0x0000700009dec080:   00007fb9e7001800 0000700009dec1e0
0x0000700009dec090:   0000700009dec140 00000001107f1c42
0x0000700009dec0a0:   0000700009debf60 00007fb9e4e23310
0x0000700009dec0b0:   0000000000000000 0000700009dec1e8 

Instructions: (pc=0x00007fff54ed4b10)
0x00007fff54ed4af0:   41 56 53 50 48 89 d3 49 89 f7 49 89 fe 48 b8 fa
0x00007fff54ed4b00:   ff ff ff ff ff ff 3f 48 39 c3 0f 83 a5 00 00 00
0x00007fff54ed4b10:   49 8b 3e 48 8b 57 e8 4c 39 ff 77 0f 48 8d 04 17
0x00007fff54ed4b20:   4c 39 f8 72 06 83 7f f8 00 7e 2f 31 f6 4c 89 f7 

Register to memory mapping:

RAX=0x3ffffffffffffffa is an unknown value
RBX=0x0000000000000024 is an unknown value
RCX=0x0000000000000000 is an unknown value
RDX=0x0000000000000024 is an unknown value
RSP=0x0000700009debec0 is pointing into the stack for thread: 0x00007fb9e7001800
RBP=0x0000700009debee0 is pointing into the stack for thread: 0x00007fb9e7001800
RSI=0x0000700009ded2f0 is pointing into the stack for thread: 0x00007fb9e7001800
RDI=0x00007fb900000000 is an unknown value
R8 =0x0000700009debc20 is pointing into the stack for thread: 0x00007fb9e7001800
R9 =0x0000700009debe60 is pointing into the stack for thread: 0x00007fb9e7001800
R10=0x00007fb9e6042460 is an unknown value
R11=0x00006ffeda4f487d is an unknown value
R12=0x0000700009ded740 is pointing into the stack for thread: 0x00007fb9e7001800
R13=0x0000700009ded6b8 is pointing into the stack for thread: 0x00007fb9e7001800
R14=0x00007fb900000000 is an unknown value
R15=0x0000700009ded2f0 is pointing into the stack for thread: 0x00007fb9e7001800


Stack: [0x0000700009cee000,0x0000700009dee000],  sp=0x0000700009debec0,  free space=1015k
Native frames: (J=compiled Java code, j=interpreted, Vv=VM code, C=native code)
C  [libstdc++.6.0.9.dylib+0x2cb10]  std::string::assign(char const*, unsigned long)+0x26
C  [libopencv_java249.dylib+0x3d3ae8]  cv::JpegEncoder::write(cv::Mat const&, std::vector<int, std::allocator<int> > const&)+0x1f8
C  [libopencv_java249.dylib+0x3be37f]  cv::imwrite_(std::string const&, cv::Mat const&, std::vector<int, std::allocator<int> > const&, bool)+0x44f
C  [libopencv_java249.dylib+0x3bde44]  cv::imwrite(std::string const&, cv::_InputArray const&, std::vector<int, std::allocator<int> > const&)+0x34
C  [libopencv_java249.dylib+0x443c8]  Java_org_opencv_highgui_Highgui_imwrite_11+0x88
j  org.opencv.highgui.Highgui.imwrite_1(Ljava/lang/String;J)Z+0
j  org.opencv.highgui.Highgui.imwrite(Ljava/lang/String;Lorg/opencv/core/Mat;)Z+5
j  com.taiger.kp.preprocess.App.main([Ljava/lang/String;)V+102
v  ~StubRoutines::call_stub
V  [libjvm.dylib+0x2ef9aa]  JavaCalls::call_helper(JavaValue*, methodHandle*, JavaCallArguments*, Thread*)+0x6ae
V  [libjvm.dylib+0x326841]  jni_invoke_static(JNIEnv_*, JavaValue*, _jobject*, JNICallType, _jmethodID*, JNI_ArgumentPusher*, Thread*)+0x1bf
V  [libjvm.dylib+0x31f5cd]  jni_CallStaticVoidMethod+0x15d
C  [java+0x38d1]  JavaMain+0x9c4
C  [libsystem_pthread.dylib+0x3661]  _pthread_body+0x154
C  [libsystem_pthread.dylib+0x350d]  _pthread_body+0x0
C  [libsystem_pthread.dylib+0x2bf9]  thread_start+0xd
C  0x0000000000000000

Java frames: (J=compiled Java code, j=interpreted, Vv=VM code)
j  org.opencv.highgui.Highgui.imwrite_1(Ljava/lang/String;J)Z+0
j  org.opencv.highgui.Highgui.imwrite(Ljava/lang/String;Lorg/opencv/core/Mat;)Z+5
j  com.taiger.kp.preprocess.App.main([Ljava/lang/String;)V+102
v  ~StubRoutines::call_stub

---------------  P R O C E S S  ---------------

Java Threads: ( => current thread )
  0x00007fb9e7059800 JavaThread "Service Thread" daemon [_thread_blocked, id=17667, stack(0x000070000ae21000,0x000070000af21000)]
  0x00007fb9e7056800 JavaThread "C1 CompilerThread3" daemon [_thread_blocked, id=16899, stack(0x000070000ad1e000,0x000070000ae1e000)]
  0x00007fb9e7056000 JavaThread "C2 CompilerThread2" daemon [_thread_blocked, id=18179, stack(0x000070000ac1b000,0x000070000ad1b000)]
  0x00007fb9e5002000 JavaThread "C2 CompilerThread1" daemon [_thread_blocked, id=16387, stack(0x000070000ab18000,0x000070000ac18000)]
  0x00007fb9e7065800 JavaThread "C2 CompilerThread0" daemon [_thread_blocked, id=18691, stack(0x000070000aa15000,0x000070000ab15000)]
  0x00007fb9e7805000 JavaThread "Signal Dispatcher" daemon [_thread_blocked, id=18955, stack(0x000070000a912000,0x000070000aa12000)]
  0x00007fb9e7047800 JavaThread "Finalizer" daemon [_thread_blocked, id=13827, stack(0x000070000a80f000,0x000070000a90f000)]
  0x00007fb9e7802000 JavaThread "Reference Handler" daemon [_thread_blocked, id=13315, stack(0x000070000a70c000,0x000070000a80c000)]
=>0x00007fb9e7001800 JavaThread "main" [_thread_in_native, id=9987, stack(0x0000700009cee000,0x0000700009dee000)]

Other Threads:
  0x00007fb9e703f000 VMThread [stack: 0x000070000a609000,0x000070000a709000] [id=12803]
  0x00007fb9e704a000 WatcherThread [stack: 0x000070000af24000,0x000070000b024000] [id=17411]

VM state:not at safepoint (normal execution)

VM Mutex/Monitor currently owned by a thread: None

Heap:
 PSYoungGen      total 31744K, used 2530K [0x000000076ab00000, 0x000000076ed00000, 0x00000007c0000000)
  eden space 31232K, 7% used [0x000000076ab00000,0x000000076ad70a38,0x000000076c980000)
  from space 512K, 6% used [0x000000076ec80000,0x000000076ec88000,0x000000076ed00000)
  to   space 512K, 0% used [0x000000076ec00000,0x000000076ec00000,0x000000076ec80000)
 ParOldGen       total 175104K, used 740K [0x00000006c0000000, 0x00000006cab00000, 0x000000076ab00000)
  object space 175104K, 0% used [0x00000006c0000000,0x00000006c00b9230,0x00000006cab00000)
 Metaspace       used 4490K, capacity 4960K, committed 5248K, reserved 1056768K
  class space    used 486K, capacity 528K, committed 640K, reserved 1048576K

Card table byte_map: [0x0000000111977000,0x0000000112178000] byte_map_base: 0x000000010e377000

Marking Bits: (ParMarkBitMap*) 0x0000000110ef76c0
 Begin Bits: [0x00000001252a8000, 0x00000001292a8000)
 End Bits:   [0x00000001292a8000, 0x000000012d2a8000)

Polling page: 0x000000010f5b1000

CodeCache: size=245760Kb used=1614Kb max_used=1620Kb free=244145Kb
 bounds [0x00000001162a8000, 0x0000000116518000, 0x00000001252a8000]
 total_blobs=679 nmethods=201 adapters=392
 compilation: enabled

Compilation events (10 events):
Event: 6.921 Thread 0x00007fb9e7056800  197       3       java.lang.Math::round (70 bytes)
Event: 6.921 Thread 0x00007fb9e7056800 nmethod 197 0x0000000116431850 code [0x00000001164319c0, 0x0000000116431c30]
Event: 6.923 Thread 0x00007fb9e5002000  198       4       java.lang.Math::round (70 bytes)
Event: 6.924 Thread 0x00007fb9e5002000 nmethod 198 0x0000000116431590 code [0x00000001164316e0, 0x00000001164317d8]
Event: 6.987 Thread 0x00007fb9e7056800  199 %     3       com.taiger.kp.preprocess.controller.Tunner::rotate @ 125 (242 bytes)
Event: 6.989 Thread 0x00007fb9e7056800 nmethod 199% 0x0000000116435810 code [0x0000000116435b80, 0x0000000116438f88]
Event: 6.989 Thread 0x00007fb9e7056800  200       3       com.taiger.kp.preprocess.controller.Tunner::rotate (242 bytes)
Event: 6.990 Thread 0x00007fb9e7056800 nmethod 200 0x0000000116439d90 code [0x000000011643a100, 0x000000011643d2a8]
Event: 7.022 Thread 0x00007fb9e7056000  201 %     4       com.taiger.kp.preprocess.controller.Tunner::rotate @ 125 (242 bytes)
Event: 7.033 Thread 0x00007fb9e7056000 nmethod 201% 0x0000000116432e10 code [0x0000000116433040, 0x0000000116433c50]

GC Heap History (10 events):
Event: 9.160 GC heap before
{Heap before GC invocations=52 (full 0):
 PSYoungGen      total 32768K, used 32288K [0x000000076ab00000, 0x000000076ed00000, 0x00000007c0000000)
  eden space 32256K, 100% used [0x000000076ab00000,0x000000076ca80000,0x000000076ca80000)
  from space 512K, 6% used [0x000000076ec00000,0x000000076ec08000,0x000000076ec80000)
  to   space 512K, 0% used [0x000000076ec80000,0x000000076ec80000,0x000000076ed00000)
 ParOldGen       total 175104K, used 740K [0x00000006c0000000, 0x00000006cab00000, 0x000000076ab00000)
  object space 175104K, 0% used [0x00000006c0000000,0x00000006c00b9230,0x00000006cab00000)
 Metaspace       used 4490K, capacity 4960K, committed 5248K, reserved 1056768K
  class space    used 486K, capacity 528K, committed 640K, reserved 1048576K
Event: 9.161 GC heap after
Heap after GC invocations=52 (full 0):
 PSYoungGen      total 32256K, used 0K [0x000000076ab00000, 0x000000076ed00000, 0x00000007c0000000)
  eden space 31744K, 0% used [0x000000076ab00000,0x000000076ab00000,0x000000076ca00000)
  from space 512K, 0% used [0x000000076ec80000,0x000000076ec80000,0x000000076ed00000)
  to   space 512K, 0% used [0x000000076ec00000,0x000000076ec00000,0x000000076ec80000)
 ParOldGen       total 175104K, used 740K [0x00000006c0000000, 0x00000006cab00000, 0x000000076ab00000)
  object space 175104K, 0% used [0x00000006c0000000,0x00000006c00b9230,0x00000006cab00000)
 Metaspace       used 4490K, capacity 4960K, committed 5248K, reserved 1056768K
  class space    used 486K, capacity 528K, committed 640K, reserved 1048576K
}
Event: 9.412 GC heap before
{Heap before GC invocations=53 (full 0):
 PSYoungGen      total 32256K, used 31744K [0x000000076ab00000, 0x000000076ed00000, 0x00000007c0000000)
  eden space 31744K, 100% used [0x000000076ab00000,0x000000076ca00000,0x000000076ca00000)
  from space 512K, 0% used [0x000000076ec80000,0x000000076ec80000,0x000000076ed00000)
  to   space 512K, 0% used [0x000000076ec00000,0x000000076ec00000,0x000000076ec80000)
 ParOldGen       total 175104K, used 740K [0x00000006c0000000, 0x00000006cab00000, 0x000000076ab00000)
  object space 175104K, 0% used [0x00000006c0000000,0x00000006c00b9230,0x00000006cab00000)
 Metaspace       used 4490K, capacity 4960K, committed 5248K, reserved 1056768K
  class space    used 486K, capacity 528K, committed 640K, reserved 1048576K
Event: 9.413 GC heap after
Heap after GC invocations=53 (full 0):
 PSYoungGen      total 31744K, used 0K [0x000000076ab00000, 0x000000076ed00000, 0x00000007c0000000)
  eden space 31232K, 0% used [0x000000076ab00000,0x000000076ab00000,0x000000076c980000)
  from space 512K, 0% used [0x000000076ec00000,0x000000076ec00000,0x000000076ec80000)
  to   space 512K, 0% used [0x000000076ec80000,0x000000076ec80000,0x000000076ed00000)
 ParOldGen       total 175104K, used 740K [0x00000006c0000000, 0x00000006cab00000, 0x000000076ab00000)
  object space 175104K, 0% used [0x00000006c0000000,0x00000006c00b9230,0x00000006cab00000)
 Metaspace       used 4490K, capacity 4960K, committed 5248K, reserved 1056768K
  class space    used 486K, capacity 528K, committed 640K, reserved 1048576K
}
Event: 9.660 GC heap before
{Heap before GC invocations=54 (full 0):
 PSYoungGen      total 31744K, used 31232K [0x000000076ab00000, 0x000000076ed00000, 0x00000007c0000000)
  eden space 31232K, 100% used [0x000000076ab00000,0x000000076c980000,0x000000076c980000)
  from space 512K, 0% used [0x000000076ec00000,0x000000076ec00000,0x000000076ec80000)
  to   space 512K, 0% used [0x000000076ec80000,0x000000076ec80000,0x000000076ed00000)
 ParOldGen       total 175104K, used 740K [0x00000006c0000000, 0x00000006cab00000, 0x000000076ab00000)
  object space 175104K, 0% used [0x00000006c0000000,0x00000006c00b9230,0x00000006cab00000)
 Metaspace       used 4490K, capacity 4960K, committed 5248K, reserved 1056768K
  class space    used 486K, capacity 528K, committed 640K, reserved 1048576K
Event: 9.660 GC heap after
Heap after GC invocations=54 (full 0):
 PSYoungGen      total 31744K, used 32K [0x000000076ab00000, 0x000000076ed00000, 0x00000007c0000000)
  eden space 31232K, 0% used [0x000000076ab00000,0x000000076ab00000,0x000000076c980000)
  from space 512K, 6% used [0x000000076ec80000,0x000000076ec88000,0x000000076ed00000)
  to   space 512K, 0% used [0x000000076ec00000,0x000000076ec00000,0x000000076ec80000)
 ParOldGen       total 175104K, used 740K [0x00000006c0000000, 0x00000006cab00000, 0x000000076ab00000)
  object space 175104K, 0% used [0x00000006c0000000,0x00000006c00b9230,0x00000006cab00000)
 Metaspace       used 4490K, capacity 4960K, committed 5248K, reserved 1056768K
  class space    used 486K, capacity 528K, committed 640K, reserved 1048576K
}
Event: 9.909 GC heap before
{Heap before GC invocations=55 (full 0):
 PSYoungGen      total 31744K, used 31264K [0x000000076ab00000, 0x000000076ed00000, 0x00000007c0000000)
  eden space 31232K, 100% used [0x000000076ab00000,0x000000076c980000,0x000000076c980000)
  from space 512K, 6% used [0x000000076ec80000,0x000000076ec88000,0x000000076ed00000)
  to   space 512K, 0% used [0x000000076ec00000,0x000000076ec00000,0x000000076ec80000)
 ParOldGen       total 175104K, used 740K [0x00000006c0000000, 0x00000006cab00000, 0x000000076ab00000)
  object space 175104K, 0% used [0x00000006c0000000,0x00000006c00b9230,0x00000006cab00000)
 Metaspace       used 4490K, capacity 4960K, committed 5248K, reserved 1056768K
  class space    used 486K, capacity 528K, committed 640K, reserved 1048576K
Event: 9.909 GC heap after
Heap after GC invocations=55 (full 0):
 PSYoungGen      total 31744K, used 32K [0x000000076ab00000, 0x000000076ed00000, 0x00000007c0000000)
  eden space 31232K, 0% used [0x000000076ab00000,0x000000076ab00000,0x000000076c980000)
  from space 512K, 6% used [0x000000076ec00000,0x000000076ec08000,0x000000076ec80000)
  to   space 512K, 0% used [0x000000076ec80000,0x000000076ec80000,0x000000076ed00000)
 ParOldGen       total 175104K, used 740K [0x00000006c0000000, 0x00000006cab00000, 0x000000076ab00000)
  object space 175104K, 0% used [0x00000006c0000000,0x00000006c00b9230,0x00000006cab00000)
 Metaspace       used 4490K, capacity 4960K, committed 5248K, reserved 1056768K
  class space    used 486K, capacity 528K, committed 640K, reserved 1048576K
}
Event: 10.156 GC heap before
{Heap before GC invocations=56 (full 0):
 PSYoungGen      total 31744K, used 31264K [0x000000076ab00000, 0x000000076ed00000, 0x00000007c0000000)
  eden space 31232K, 100% used [0x000000076ab00000,0x000000076c980000,0x000000076c980000)
  from space 512K, 6% used [0x000000076ec00000,0x000000076ec08000,0x000000076ec80000)
  to   space 512K, 0% used [0x000000076ec80000,0x000000076ec80000,0x000000076ed00000)
 ParOldGen       total 175104K, used 740K [0x00000006c0000000, 0x00000006cab00000, 0x000000076ab00000)
  object space 175104K, 0% used [0x00000006c0000000,0x00000006c00b9230,0x00000006cab00000)
 Metaspace       used 4490K, capacity 4960K, committed 5248K, reserved 1056768K
  class space    used 486K, capacity 528K, committed 640K, reserved 1048576K
Event: 10.156 GC heap after
Heap after GC invocations=56 (full 0):
 PSYoungGen      total 31744K, used 32K [0x000000076ab00000, 0x000000076ed00000, 0x00000007c0000000)
  eden space 31232K, 0% used [0x000000076ab00000,0x000000076ab00000,0x000000076c980000)
  from space 512K, 6% used [0x000000076ec80000,0x000000076ec88000,0x000000076ed00000)
  to   space 512K, 0% used [0x000000076ec00000,0x000000076ec00000,0x000000076ec80000)
 ParOldGen       total 175104K, used 740K [0x00000006c0000000, 0x00000006cab00000, 0x000000076ab00000)
  object space 175104K, 0% used [0x00000006c0000000,0x00000006c00b9230,0x00000006cab00000)
 Metaspace       used 4490K, capacity 4960K, committed 5248K, reserved 1056768K
  class space    used 486K, capacity 528K, committed 640K, reserved 1048576K
}

Deoptimization events (2 events):
Event: 0.094 Thread 0x00007fb9e7001800 Uncommon trap: reason=unstable_if action=reinterpret pc=0x00000001163c8968 method=java.lang.String.hashCode()I @ 14
Event: 0.517 Thread 0x00007fb9e7001800 Uncommon trap: reason=unstable_if action=reinterpret pc=0x0000000116427ec4 method=com.taiger.kp.preprocess.controller.Tunner.isBW(Lorg/opencv/core/Mat;)Z @ 36

Classes redefined (0 events):
No events

Internal exceptions (10 events):
Event: 0.031 Thread 0x00007fb9e7001800 Exception <a 'java/lang/NoSuchMethodError': Method sun.misc.Unsafe.prefetchRead(Ljava/lang/Object;J)V name or signature does not match> (0x000000076ab07f88) thrown at [/Users/java_re/workspace/8-2-build-macosx-x86_64/jdk8u161/10277/hotspot/src/share/vm/pr
Event: 0.119 Thread 0x00007fb9e7001800 Exception <a 'java/security/PrivilegedActionException'> (0x000000076ac18d60) thrown at [/Users/java_re/workspace/8-2-build-macosx-x86_64/jdk8u161/10277/hotspot/src/share/vm/prims/jvm.cpp, line 1390]
Event: 0.119 Thread 0x00007fb9e7001800 Exception <a 'java/security/PrivilegedActionException'> (0x000000076ac18f70) thrown at [/Users/java_re/workspace/8-2-build-macosx-x86_64/jdk8u161/10277/hotspot/src/share/vm/prims/jvm.cpp, line 1390]
Event: 0.119 Thread 0x00007fb9e7001800 Exception <a 'java/security/PrivilegedActionException'> (0x000000076ac1c2a0) thrown at [/Users/java_re/workspace/8-2-build-macosx-x86_64/jdk8u161/10277/hotspot/src/share/vm/prims/jvm.cpp, line 1390]
Event: 0.120 Thread 0x00007fb9e7001800 Exception <a 'java/security/PrivilegedActionException'> (0x000000076ac1c4b0) thrown at [/Users/java_re/workspace/8-2-build-macosx-x86_64/jdk8u161/10277/hotspot/src/share/vm/prims/jvm.cpp, line 1390]
Event: 0.141 Thread 0x00007fb9e7001800 Exception <a 'sun/nio/fs/UnixException'> (0x000000076ada8998) thrown at [/Users/java_re/workspace/8-2-build-macosx-x86_64/jdk8u161/10277/hotspot/src/share/vm/prims/jni.cpp, line 709]
Event: 0.142 Thread 0x00007fb9e7001800 Exception <a 'sun/nio/fs/UnixException'> (0x000000076ada92b8) thrown at [/Users/java_re/workspace/8-2-build-macosx-x86_64/jdk8u161/10277/hotspot/src/share/vm/prims/jni.cpp, line 709]
Event: 0.142 Thread 0x00007fb9e7001800 Exception <a 'sun/nio/fs/UnixException'> (0x000000076ada98b0) thrown at [/Users/java_re/workspace/8-2-build-macosx-x86_64/jdk8u161/10277/hotspot/src/share/vm/prims/jni.cpp, line 709]
Event: 0.142 Thread 0x00007fb9e7001800 Exception <a 'sun/nio/fs/UnixException'> (0x000000076ada9e98) thrown at [/Users/java_re/workspace/8-2-build-macosx-x86_64/jdk8u161/10277/hotspot/src/share/vm/prims/jni.cpp, line 709]
Event: 0.142 Thread 0x00007fb9e7001800 Exception <a 'sun/nio/fs/UnixException'> (0x000000076adaa460) thrown at [/Users/java_re/workspace/8-2-build-macosx-x86_64/jdk8u161/10277/hotspot/src/share/vm/prims/jni.cpp, line 709]

Events (10 events):
Event: 9.160 Executing VM operation: ParallelGCFailedAllocation
Event: 9.161 Executing VM operation: ParallelGCFailedAllocation done
Event: 9.412 Executing VM operation: ParallelGCFailedAllocation
Event: 9.413 Executing VM operation: ParallelGCFailedAllocation done
Event: 9.660 Executing VM operation: ParallelGCFailedAllocation
Event: 9.660 Executing VM operation: ParallelGCFailedAllocation done
Event: 9.909 Executing VM operation: ParallelGCFailedAllocation
Event: 9.909 Executing VM operation: ParallelGCFailedAllocation done
Event: 10.156 Executing VM operation: ParallelGCFailedAllocation
Event: 10.156 Executing VM operation: ParallelGCFailedAllocation done


Dynamic libraries:
0x0000000005939000 	/System/Library/Frameworks/Cocoa.framework/Versions/A/Cocoa
0x0000000005939000 	/System/Library/Frameworks/Security.framework/Versions/A/Security
0x0000000005939000 	/System/Library/Frameworks/ApplicationServices.framework/Versions/A/ApplicationServices
0x0000000005939000 	/usr/lib/libz.1.dylib
0x0000000005939000 	/usr/lib/libSystem.B.dylib
0x0000000005939000 	/usr/lib/libobjc.A.dylib
0x0000000005939000 	/System/Library/Frameworks/CoreFoundation.framework/Versions/A/CoreFoundation
0x0000000005939000 	/System/Library/Frameworks/Foundation.framework/Versions/C/Foundation
0x0000000005939000 	/System/Library/Frameworks/AppKit.framework/Versions/C/AppKit
0x0000000005939000 	/System/Library/Frameworks/CoreData.framework/Versions/A/CoreData
0x0000000005939000 	/System/Library/PrivateFrameworks/RemoteViewServices.framework/Versions/A/RemoteViewServices
0x0000000005939000 	/System/Library/PrivateFrameworks/UIFoundation.framework/Versions/A/UIFoundation
0x0000000005939000 	/System/Library/PrivateFrameworks/DFRFoundation.framework/Versions/A/DFRFoundation
0x0000000005939000 	/System/Library/Frameworks/Metal.framework/Versions/A/Metal
0x0000000005939000 	/System/Library/PrivateFrameworks/DesktopServicesPriv.framework/Versions/A/DesktopServicesPriv
0x0000000005939000 	/usr/lib/libenergytrace.dylib
0x0000000005939000 	/System/Library/PrivateFrameworks/SkyLight.framework/Versions/A/SkyLight
0x0000000005939000 	/System/Library/Frameworks/CoreGraphics.framework/Versions/A/CoreGraphics
0x0000000005939000 	/usr/lib/libScreenReader.dylib
0x0000000005939000 	/System/Library/Frameworks/Accelerate.framework/Versions/A/Accelerate
0x0000000005939000 	/System/Library/Frameworks/IOSurface.framework/Versions/A/IOSurface
0x0000000005939000 	/System/Library/Frameworks/AudioToolbox.framework/Versions/A/AudioToolbox
0x0000000005939000 	/System/Library/Frameworks/AudioUnit.framework/Versions/A/AudioUnit
0x0000000005939000 	/System/Library/PrivateFrameworks/DataDetectorsCore.framework/Versions/A/DataDetectorsCore
0x0000000005939000 	/System/Library/Frameworks/Carbon.framework/Versions/A/Frameworks/HIToolbox.framework/Versions/A/HIToolbox
0x0000000005939000 	/usr/lib/libicucore.A.dylib
0x0000000005939000 	/System/Library/Frameworks/QuartzCore.framework/Versions/A/QuartzCore
0x0000000005939000 	/System/Library/PrivateFrameworks/SignpostNotification.framework/Versions/A/SignpostNotification
0x0000000005939000 	/System/Library/Frameworks/Carbon.framework/Versions/A/Frameworks/SpeechRecognition.framework/Versions/A/SpeechRecognition
0x0000000005939000 	/usr/lib/libauto.dylib
0x0000000005939000 	/usr/lib/libxml2.2.dylib
0x0000000005939000 	/System/Library/PrivateFrameworks/CoreUI.framework/Versions/A/CoreUI
0x0000000005939000 	/System/Library/Frameworks/CoreAudio.framework/Versions/A/CoreAudio
0x0000000005939000 	/System/Library/Frameworks/DiskArbitration.framework/Versions/A/DiskArbitration
0x0000000005939000 	/usr/lib/liblangid.dylib
0x0000000005939000 	/System/Library/PrivateFrameworks/MultitouchSupport.framework/Versions/A/MultitouchSupport
0x0000000005939000 	/System/Library/Frameworks/IOKit.framework/Versions/A/IOKit
0x0000000005939000 	/usr/lib/libDiagnosticMessagesClient.dylib
0x0000000005939000 	/System/Library/Frameworks/CoreServices.framework/Versions/A/CoreServices
0x0000000005939000 	/System/Library/PrivateFrameworks/PerformanceAnalysis.framework/Versions/A/PerformanceAnalysis
0x0000000005939000 	/System/Library/Frameworks/OpenGL.framework/Versions/A/OpenGL
0x0000000005939000 	/System/Library/Frameworks/ColorSync.framework/Versions/A/ColorSync
0x0000000005939000 	/System/Library/Frameworks/CoreImage.framework/Versions/A/CoreImage
0x0000000005939000 	/System/Library/Frameworks/CoreText.framework/Versions/A/CoreText
0x0000000005939000 	/System/Library/Frameworks/ImageIO.framework/Versions/A/ImageIO
0x0000000005939000 	/System/Library/PrivateFrameworks/Backup.framework/Versions/A/Backup
0x0000000005939000 	/usr/lib/libarchive.2.dylib
0x0000000005939000 	/System/Library/Frameworks/CFNetwork.framework/Versions/A/CFNetwork
0x0000000005939000 	/System/Library/Frameworks/SystemConfiguration.framework/Versions/A/SystemConfiguration
0x0000000005939000 	/usr/lib/libCRFSuite.dylib
0x0000000005939000 	/usr/lib/libc++.1.dylib
0x0000000005939000 	/usr/lib/libc++abi.dylib
0x0000000005939000 	/usr/lib/system/libcache.dylib
0x0000000005939000 	/usr/lib/system/libcommonCrypto.dylib
0x0000000005939000 	/usr/lib/system/libcompiler_rt.dylib
0x0000000005939000 	/usr/lib/system/libcopyfile.dylib
0x0000000005939000 	/usr/lib/system/libcorecrypto.dylib
0x0000000005939000 	/usr/lib/system/libdispatch.dylib
0x0000000005939000 	/usr/lib/system/libdyld.dylib
0x0000000005939000 	/usr/lib/system/libkeymgr.dylib
0x0000000005939000 	/usr/lib/system/liblaunch.dylib
0x0000000005939000 	/usr/lib/system/libmacho.dylib
0x0000000005939000 	/usr/lib/system/libquarantine.dylib
0x0000000005939000 	/usr/lib/system/libremovefile.dylib
0x0000000005939000 	/usr/lib/system/libsystem_asl.dylib
0x0000000005939000 	/usr/lib/system/libsystem_blocks.dylib
0x0000000005939000 	/usr/lib/system/libsystem_c.dylib
0x0000000005939000 	/usr/lib/system/libsystem_configuration.dylib
0x0000000005939000 	/usr/lib/system/libsystem_coreservices.dylib
0x0000000005939000 	/usr/lib/system/libsystem_darwin.dylib
0x0000000005939000 	/usr/lib/system/libsystem_dnssd.dylib
0x0000000005939000 	/usr/lib/system/libsystem_info.dylib
0x0000000005939000 	/usr/lib/system/libsystem_m.dylib
0x0000000005939000 	/usr/lib/system/libsystem_malloc.dylib
0x0000000005939000 	/usr/lib/system/libsystem_network.dylib
0x0000000005939000 	/usr/lib/system/libsystem_networkextension.dylib
0x0000000005939000 	/usr/lib/system/libsystem_notify.dylib
0x0000000005939000 	/usr/lib/system/libsystem_sandbox.dylib
0x0000000005939000 	/usr/lib/system/libsystem_secinit.dylib
0x0000000005939000 	/usr/lib/system/libsystem_kernel.dylib
0x0000000005939000 	/usr/lib/system/libsystem_platform.dylib
0x0000000005939000 	/usr/lib/system/libsystem_pthread.dylib
0x0000000005939000 	/usr/lib/system/libsystem_symptoms.dylib
0x0000000005939000 	/usr/lib/system/libsystem_trace.dylib
0x0000000005939000 	/usr/lib/system/libunwind.dylib
0x0000000005939000 	/usr/lib/system/libxpc.dylib
0x0000000005939000 	/usr/lib/closure/libclosured.dylib
0x0000000005939000 	/usr/lib/libbsm.0.dylib
0x0000000005939000 	/usr/lib/system/libkxld.dylib
0x0000000005939000 	/usr/lib/libOpenScriptingUtil.dylib
0x0000000005939000 	/usr/lib/libcoretls.dylib
0x0000000005939000 	/usr/lib/libcoretls_cfhelpers.dylib
0x0000000005939000 	/usr/lib/libpam.2.dylib
0x0000000005939000 	/usr/lib/libsqlite3.dylib
0x0000000005939000 	/usr/lib/libxar.1.dylib
0x0000000005939000 	/usr/lib/libbz2.1.0.dylib
0x0000000005939000 	/usr/lib/liblzma.5.dylib
0x0000000005939000 	/usr/lib/libnetwork.dylib
0x0000000005939000 	/usr/lib/libapple_nghttp2.dylib
0x0000000005939000 	/usr/lib/libpcap.A.dylib
0x0000000005939000 	/usr/lib/libboringssl.dylib
0x0000000005939000 	/usr/lib/libusrtcp.dylib
0x0000000005939000 	/usr/lib/libapple_crypto.dylib
0x0000000005939000 	/System/Library/Frameworks/CoreServices.framework/Versions/A/Frameworks/FSEvents.framework/Versions/A/FSEvents
0x0000000005939000 	/System/Library/Frameworks/CoreServices.framework/Versions/A/Frameworks/CarbonCore.framework/Versions/A/CarbonCore
0x0000000005939000 	/System/Library/Frameworks/CoreServices.framework/Versions/A/Frameworks/Metadata.framework/Versions/A/Metadata
0x0000000005939000 	/System/Library/Frameworks/CoreServices.framework/Versions/A/Frameworks/OSServices.framework/Versions/A/OSServices
0x0000000005939000 	/System/Library/Frameworks/CoreServices.framework/Versions/A/Frameworks/SearchKit.framework/Versions/A/SearchKit
0x0000000005939000 	/System/Library/Frameworks/CoreServices.framework/Versions/A/Frameworks/AE.framework/Versions/A/AE
0x0000000005939000 	/System/Library/Frameworks/CoreServices.framework/Versions/A/Frameworks/LaunchServices.framework/Versions/A/LaunchServices
0x0000000005939000 	/System/Library/Frameworks/CoreServices.framework/Versions/A/Frameworks/DictionaryServices.framework/Versions/A/DictionaryServices
0x0000000005939000 	/System/Library/Frameworks/CoreServices.framework/Versions/A/Frameworks/SharedFileList.framework/Versions/A/SharedFileList
0x0000000005939000 	/System/Library/Frameworks/NetFS.framework/Versions/A/NetFS
0x0000000005939000 	/System/Library/PrivateFrameworks/NetAuth.framework/Versions/A/NetAuth
0x0000000005939000 	/System/Library/PrivateFrameworks/login.framework/Versions/A/Frameworks/loginsupport.framework/Versions/A/loginsupport
0x0000000005939000 	/System/Library/PrivateFrameworks/TCC.framework/Versions/A/TCC
0x0000000005939000 	/usr/lib/libmecabra.dylib
0x0000000005939000 	/System/Library/Frameworks/ApplicationServices.framework/Versions/A/Frameworks/ATS.framework/Versions/A/ATS
0x0000000005939000 	/System/Library/Frameworks/ApplicationServices.framework/Versions/A/Frameworks/ColorSyncLegacy.framework/Versions/A/ColorSyncLegacy
0x0000000005939000 	/System/Library/Frameworks/ApplicationServices.framework/Versions/A/Frameworks/HIServices.framework/Versions/A/HIServices
0x0000000005939000 	/System/Library/Frameworks/ApplicationServices.framework/Versions/A/Frameworks/LangAnalysis.framework/Versions/A/LangAnalysis
0x0000000005939000 	/System/Library/Frameworks/ApplicationServices.framework/Versions/A/Frameworks/PrintCore.framework/Versions/A/PrintCore
0x0000000005939000 	/System/Library/Frameworks/ApplicationServices.framework/Versions/A/Frameworks/QD.framework/Versions/A/QD
0x0000000005939000 	/System/Library/Frameworks/ApplicationServices.framework/Versions/A/Frameworks/SpeechSynthesis.framework/Versions/A/SpeechSynthesis
0x0000000005939000 	/System/Library/Frameworks/CoreDisplay.framework/Versions/A/CoreDisplay
0x0000000005939000 	/System/Library/Frameworks/Accelerate.framework/Versions/A/Frameworks/vImage.framework/Versions/A/vImage
0x0000000005939000 	/System/Library/Frameworks/Accelerate.framework/Versions/A/Frameworks/vecLib.framework/Versions/A/vecLib
0x0000000005939000 	/System/Library/Frameworks/Accelerate.framework/Versions/A/Frameworks/vecLib.framework/Versions/A/libvDSP.dylib
0x0000000005939000 	/System/Library/Frameworks/Accelerate.framework/Versions/A/Frameworks/vecLib.framework/Versions/A/libBNNS.dylib
0x0000000005939000 	/System/Library/Frameworks/Accelerate.framework/Versions/A/Frameworks/vecLib.framework/Versions/A/libQuadrature.dylib
0x0000000005939000 	/System/Library/Frameworks/Accelerate.framework/Versions/A/Frameworks/vecLib.framework/Versions/A/libvMisc.dylib
0x0000000005939000 	/System/Library/Frameworks/Accelerate.framework/Versions/A/Frameworks/vecLib.framework/Versions/A/libLAPACK.dylib
0x0000000005939000 	/System/Library/Frameworks/Accelerate.framework/Versions/A/Frameworks/vecLib.framework/Versions/A/libBLAS.dylib
0x0000000005939000 	/System/Library/Frameworks/Accelerate.framework/Versions/A/Frameworks/vecLib.framework/Versions/A/libLinearAlgebra.dylib
0x0000000005939000 	/System/Library/Frameworks/Accelerate.framework/Versions/A/Frameworks/vecLib.framework/Versions/A/libSparse.dylib
0x0000000005939000 	/System/Library/Frameworks/Accelerate.framework/Versions/A/Frameworks/vecLib.framework/Versions/A/libSparseBLAS.dylib
0x0000000005939000 	/System/Library/PrivateFrameworks/GPUWrangler.framework/Versions/A/GPUWrangler
0x0000000005939000 	/System/Library/PrivateFrameworks/IOAccelerator.framework/Versions/A/IOAccelerator
0x0000000005939000 	/System/Library/PrivateFrameworks/IOPresentment.framework/Versions/A/IOPresentment
0x0000000005939000 	/System/Library/PrivateFrameworks/DSExternalDisplay.framework/Versions/A/DSExternalDisplay
0x0000000005939000 	/System/Library/Frameworks/OpenGL.framework/Versions/A/Libraries/libCoreFSCache.dylib
0x0000000005939000 	/System/Library/Frameworks/CoreVideo.framework/Versions/A/CoreVideo
0x0000000005939000 	/System/Library/PrivateFrameworks/GraphVisualizer.framework/Versions/A/GraphVisualizer
0x0000000005939000 	/System/Library/Frameworks/MetalPerformanceShaders.framework/Versions/A/MetalPerformanceShaders
0x0000000005939000 	/usr/lib/libFosl_dynamic.dylib
0x0000000005939000 	/System/Library/PrivateFrameworks/FaceCore.framework/Versions/A/FaceCore
0x0000000005939000 	/System/Library/Frameworks/OpenCL.framework/Versions/A/OpenCL
0x0000000005939000 	/usr/lib/libcompression.dylib
0x0000000005939000 	/System/Library/Frameworks/ApplicationServices.framework/Versions/A/Frameworks/ATS.framework/Versions/A/Resources/libFontParser.dylib
0x0000000005939000 	/System/Library/Frameworks/ApplicationServices.framework/Versions/A/Frameworks/ATS.framework/Versions/A/Resources/libFontRegistry.dylib
0x0000000005939000 	/System/Library/Frameworks/ImageIO.framework/Versions/A/Resources/libJPEG.dylib
0x0000000005939000 	/System/Library/Frameworks/ImageIO.framework/Versions/A/Resources/libTIFF.dylib
0x0000000005939000 	/System/Library/Frameworks/ImageIO.framework/Versions/A/Resources/libPng.dylib
0x0000000005939000 	/System/Library/Frameworks/ImageIO.framework/Versions/A/Resources/libGIF.dylib
0x0000000005939000 	/System/Library/Frameworks/ImageIO.framework/Versions/A/Resources/libJP2.dylib
0x0000000005939000 	/System/Library/Frameworks/ImageIO.framework/Versions/A/Resources/libRadiance.dylib
0x0000000005939000 	/System/Library/PrivateFrameworks/AppleJPEG.framework/Versions/A/AppleJPEG
0x0000000005939000 	/System/Library/Frameworks/MetalPerformanceShaders.framework/Frameworks/MPSCore.framework/Versions/A/MPSCore
0x0000000005939000 	/System/Library/Frameworks/MetalPerformanceShaders.framework/Frameworks/MPSImage.framework/Versions/A/MPSImage
0x0000000005939000 	/System/Library/Frameworks/MetalPerformanceShaders.framework/Frameworks/MPSNeuralNetwork.framework/Versions/A/MPSNeuralNetwork
0x0000000005939000 	/System/Library/Frameworks/MetalPerformanceShaders.framework/Frameworks/MPSMatrix.framework/Versions/A/MPSMatrix
0x0000000005939000 	/System/Library/PrivateFrameworks/MetalTools.framework/Versions/A/MetalTools
0x0000000005939000 	/System/Library/Frameworks/OpenGL.framework/Versions/A/Libraries/libGLU.dylib
0x0000000005939000 	/System/Library/Frameworks/OpenGL.framework/Versions/A/Libraries/libGFXShared.dylib
0x0000000005939000 	/System/Library/Frameworks/OpenGL.framework/Versions/A/Libraries/libGL.dylib
0x0000000005939000 	/System/Library/Frameworks/OpenGL.framework/Versions/A/Libraries/libGLImage.dylib
0x0000000005939000 	/System/Library/Frameworks/OpenGL.framework/Versions/A/Libraries/libCVMSPluginSupport.dylib
0x0000000005939000 	/System/Library/Frameworks/OpenGL.framework/Versions/A/Libraries/libCoreVMClient.dylib
0x0000000005939000 	/usr/lib/libcups.2.dylib
0x0000000005939000 	/System/Library/Frameworks/Kerberos.framework/Versions/A/Kerberos
0x0000000005939000 	/System/Library/Frameworks/GSS.framework/Versions/A/GSS
0x0000000005939000 	/usr/lib/libresolv.9.dylib
0x0000000005939000 	/usr/lib/libiconv.2.dylib
0x0000000005939000 	/System/Library/PrivateFrameworks/Heimdal.framework/Versions/A/Heimdal
0x0000000005939000 	/usr/lib/libheimdal-asn1.dylib
0x0000000005939000 	/System/Library/Frameworks/OpenDirectory.framework/Versions/A/OpenDirectory
0x0000000005939000 	/System/Library/PrivateFrameworks/CommonAuth.framework/Versions/A/CommonAuth
0x0000000005939000 	/System/Library/Frameworks/OpenDirectory.framework/Versions/A/Frameworks/CFOpenDirectory.framework/Versions/A/CFOpenDirectory
0x0000000005939000 	/System/Library/Frameworks/SecurityFoundation.framework/Versions/A/SecurityFoundation
0x0000000005939000 	/System/Library/PrivateFrameworks/APFS.framework/Versions/A/APFS
0x0000000005939000 	/usr/lib/libutil.dylib
0x0000000005939000 	/System/Library/PrivateFrameworks/AppleSauce.framework/Versions/A/AppleSauce
0x0000000005939000 	/System/Library/PrivateFrameworks/LinguisticData.framework/Versions/A/LinguisticData
0x0000000005939000 	/usr/lib/libmarisa.dylib
0x0000000005939000 	/System/Library/PrivateFrameworks/Lexicon.framework/Versions/A/Lexicon
0x0000000005939000 	/usr/lib/libChineseTokenizer.dylib
0x0000000005939000 	/usr/lib/libcmph.dylib
0x0000000005939000 	/System/Library/PrivateFrameworks/LanguageModeling.framework/Versions/A/LanguageModeling
0x0000000005939000 	/System/Library/PrivateFrameworks/CoreEmoji.framework/Versions/A/CoreEmoji
0x0000000005939000 	/System/Library/Frameworks/ServiceManagement.framework/Versions/A/ServiceManagement
0x0000000005939000 	/System/Library/PrivateFrameworks/BackgroundTaskManagement.framework/Versions/A/BackgroundTaskManagement
0x0000000005939000 	/usr/lib/libxslt.1.dylib
0x0000000005939000 	/System/Library/Frameworks/Carbon.framework/Versions/A/Frameworks/Ink.framework/Versions/A/Ink
0x0000000005939000 	/System/Library/PrivateFrameworks/TextureIO.framework/Versions/A/TextureIO
0x0000000005939000 	/usr/lib/libate.dylib
0x0000000005939000 	/System/Library/PrivateFrameworks/CrashReporterSupport.framework/Versions/A/CrashReporterSupport
0x0000000005939000 	/System/Library/PrivateFrameworks/Sharing.framework/Versions/A/Sharing
0x0000000005939000 	/System/Library/PrivateFrameworks/IconServices.framework/Versions/A/IconServices
0x0000000005939000 	/System/Library/PrivateFrameworks/AuthKit.framework/Versions/A/AuthKit
0x0000000005939000 	/System/Library/PrivateFrameworks/Apple80211.framework/Versions/A/Apple80211
0x0000000005939000 	/System/Library/PrivateFrameworks/CoreUtils.framework/Versions/A/CoreUtils
0x0000000005939000 	/System/Library/Frameworks/CoreWLAN.framework/Versions/A/CoreWLAN
0x0000000005939000 	/System/Library/Frameworks/IOBluetooth.framework/Versions/A/IOBluetooth
0x0000000005939000 	/System/Library/PrivateFrameworks/ProtocolBuffer.framework/Versions/A/ProtocolBuffer
0x0000000005939000 	/System/Library/PrivateFrameworks/MobileKeyBag.framework/Versions/A/MobileKeyBag
0x0000000005939000 	/System/Library/PrivateFrameworks/CorePhoneNumbers.framework/Versions/A/CorePhoneNumbers
0x0000000005939000 	/System/Library/PrivateFrameworks/AppleIDAuthSupport.framework/Versions/A/AppleIDAuthSupport
0x0000000005939000 	/System/Library/PrivateFrameworks/KeychainCircle.framework/Versions/A/KeychainCircle
0x0000000005939000 	/System/Library/PrivateFrameworks/CoreWiFi.framework/Versions/A/CoreWiFi
0x0000000005939000 	/System/Library/Frameworks/CoreBluetooth.framework/Versions/A/CoreBluetooth
0x0000000005939000 	/System/Library/PrivateFrameworks/DebugSymbols.framework/Versions/A/DebugSymbols
0x0000000005939000 	/System/Library/PrivateFrameworks/CoreSymbolication.framework/Versions/A/CoreSymbolication
0x0000000005939000 	/System/Library/PrivateFrameworks/Symbolication.framework/Versions/A/Symbolication
0x0000000005939000 	/System/Library/PrivateFrameworks/AppleFSCompression.framework/Versions/A/AppleFSCompression
0x0000000005939000 	/System/Library/PrivateFrameworks/SpeechRecognitionCore.framework/Versions/A/SpeechRecognitionCore
0x0000000110600000 	/Library/Java/JavaVirtualMachines/jdk1.8.0_161.jdk/Contents/Home/jre/lib/server/libjvm.dylib
0x0000000005939000 	/usr/lib/libstdc++.6.0.9.dylib
0x000000010f56d000 	/Library/Java/JavaVirtualMachines/jdk1.8.0_161.jdk/Contents/Home/jre/lib/libverify.dylib
0x000000010f57b000 	/Library/Java/JavaVirtualMachines/jdk1.8.0_161.jdk/Contents/Home/jre/lib/libjava.dylib
0x00000001115ae000 	/Library/Java/JavaVirtualMachines/jdk1.8.0_161.jdk/Contents/Home/jre/lib/libzip.dylib
0x000000011576d000 	/Library/Java/JavaVirtualMachines/jdk1.8.0_161.jdk/Contents/Home/jre/lib/libnio.dylib
0x000000011577d000 	/Library/Java/JavaVirtualMachines/jdk1.8.0_161.jdk/Contents/Home/jre/lib/./libnet.dylib
0x000000012ec30000 	/private/var/folders/t9/wts3ndjd2sj96cnx85ysw1cr0000gn/T/7161084792193002730/nu/pattern/opencv/osx/x86_64/libopencv_java249.dylib
0x0000000005939000 	/System/Library/Frameworks/QTKit.framework/Versions/A/QTKit
0x0000000005939000 	/System/Library/Frameworks/AVFoundation.framework/Versions/A/AVFoundation
0x0000000005939000 	/System/Library/Frameworks/CoreMedia.framework/Versions/A/CoreMedia
0x0000000005939000 	/System/Library/Frameworks/MediaToolbox.framework/Versions/A/MediaToolbox
0x0000000005939000 	/System/Library/Frameworks/VideoToolbox.framework/Versions/A/VideoToolbox
0x0000000005939000 	/System/Library/Frameworks/Carbon.framework/Versions/A/Carbon
0x0000000005939000 	/System/Library/PrivateFrameworks/CoreMediaAuthoring.framework/Versions/A/CoreMediaAuthoring
0x0000000005939000 	/System/Library/Frameworks/CoreMediaIO.framework/Versions/A/CoreMediaIO
0x0000000005939000 	/System/Library/Frameworks/AVFoundation.framework/Versions/A/Frameworks/AVFAudio.framework/Versions/A/AVFAudio
0x0000000005939000 	/System/Library/PrivateFrameworks/IntlPreferences.framework/Versions/A/IntlPreferences
0x0000000005939000 	/System/Library/PrivateFrameworks/RemoteServiceDiscovery.framework/Versions/A/RemoteServiceDiscovery
0x0000000005939000 	/System/Library/PrivateFrameworks/RemoteXPC.framework/Versions/A/RemoteXPC
0x0000000005939000 	/usr/lib/libspindump.dylib
0x0000000005939000 	/System/Library/PrivateFrameworks/CoreAVCHD.framework/Versions/A/CoreAVCHD
0x0000000005939000 	/System/Library/Frameworks/MediaAccessibility.framework/Versions/A/MediaAccessibility
0x0000000005939000 	/System/Library/PrivateFrameworks/Mangrove.framework/Versions/A/Mangrove
0x0000000005939000 	/System/Library/PrivateFrameworks/CoreAUC.framework/Versions/A/CoreAUC
0x0000000005939000 	/System/Library/PrivateFrameworks/AppleVA.framework/Versions/A/AppleVA
0x0000000005939000 	/System/Library/PrivateFrameworks/InternationalSupport.framework/Versions/A/InternationalSupport
0x0000000005939000 	/System/Library/Frameworks/Carbon.framework/Versions/A/Frameworks/CommonPanels.framework/Versions/A/CommonPanels
0x0000000005939000 	/System/Library/Frameworks/Carbon.framework/Versions/A/Frameworks/Help.framework/Versions/A/Help
0x0000000005939000 	/System/Library/Frameworks/Carbon.framework/Versions/A/Frameworks/ImageCapture.framework/Versions/A/ImageCapture
0x0000000005939000 	/System/Library/Frameworks/Carbon.framework/Versions/A/Frameworks/OpenScripting.framework/Versions/A/OpenScripting
0x0000000005939000 	/System/Library/Frameworks/Carbon.framework/Versions/A/Frameworks/Print.framework/Versions/A/Print
0x0000000005939000 	/System/Library/Frameworks/Carbon.framework/Versions/A/Frameworks/SecurityHI.framework/Versions/A/SecurityHI

VM Arguments:
jvm_args: -Dfile.encoding=UTF-8 
java_command: com.taiger.kp.preprocess.App
java_class_path (initial): /Library/Java/JavaVirtualMachines/jdk1.8.0_161.jdk/Contents/Home/jre/lib/resources.jar:/Library/Java/JavaVirtualMachines/jdk1.8.0_161.jdk/Contents/Home/jre/lib/rt.jar:/Library/Java/JavaVirtualMachines/jdk1.8.0_161.jdk/Contents/Home/jre/lib/jsse.jar:/Library/Java/JavaVirtualMachines/jdk1.8.0_161.jdk/Contents/Home/jre/lib/jce.jar:/Library/Java/JavaVirtualMachines/jdk1.8.0_161.jdk/Contents/Home/jre/lib/charsets.jar:/Library/Java/JavaVirtualMachines/jdk1.8.0_161.jdk/Contents/Home/jre/lib/jfr.jar:/Library/Java/JavaVirtualMachines/jdk1.8.0_161.jdk/Contents/Home/jre/lib/ext/sunec.jar:/Library/Java/JavaVirtualMachines/jdk1.8.0_161.jdk/Contents/Home/jre/lib/ext/nashorn.jar:/Library/Java/JavaVirtualMachines/jdk1.8.0_161.jdk/Contents/Home/jre/lib/ext/cldrdata.jar:/Library/Java/JavaVirtualMachines/jdk1.8.0_161.jdk/Contents/Home/jre/lib/ext/jfxrt.jar:/Library/Java/JavaVirtualMachines/jdk1.8.0_161.jdk/Contents/Home/jre/lib/ext/dnsns.jar:/Library/Java/JavaVirtualMachines/jdk1.8.0_161.jdk/Contents/Home/jre/lib/ext/localedata.jar:/Library/Java/JavaVirtualMachines/jdk1.8.0_161.jdk/Contents/Home/jre/lib/ext/sunjce_provider.jar:/Library/Java/JavaVirtualMachines/jdk1.8.0_161.jdk/Contents/Home/jre/lib/ext/sunpkcs11.jar:/Library/Java/JavaVirtualMachines/jdk1.8.0_161.jdk/Contents/Home/jre/lib/ext/jaccess.jar:/Library/Java/JavaVirtualMachines/jdk1.8.0_161.jdk/Contents/Home/jre/lib/ext/zipfs.jar:/System/Library/Java/Extensions/MRJToolkit.jar:/Users/jorge.rios/eclipse-workspace/preprocess/target/classes:/Users/jorge.rios/.m2/repository/org/openpnp/opencv/2.4.9-8/opencv-2.4.9-8.jar:/Users/jorge.rios/.m2/repository/org/apache/pdfbox/fontbox/2.0.11/fontbox-2.0.11.jar:/Users/jorge.rios/.m2/repository/commons-logging/commons-logging/1.2/commons-logging-1.2.jar:/Users/jorge.rios/.m2/repository/org/apache/pdfbox/pdfbox/2.0.11/pdfbox-2.0.11.jar:/Users/jorge.rios/.m2/repository/org/apache/pdfbox/pdfbox-tools/2.0.11/pdfbox-tools-2.0.11.jar:/Users/jorge.rios/.m2/repository/o
Launcher Type: SUN_STANDARD

Environment Variables:
PATH=/usr/bin:/bin:/usr/sbin:/sbin
SHELL=/bin/zsh

Signal Handlers:
SIGSEGV: [libjvm.dylib+0x5b5439], sa_mask[0]=11111111011111110111111111111111, sa_flags=SA_ONSTACK|SA_RESTART|SA_SIGINFO
SIGBUS: [libjvm.dylib+0x5b5439], sa_mask[0]=11111111011111110111111111111111, sa_flags=SA_RESTART|SA_SIGINFO
SIGFPE: [libjvm.dylib+0x48ae24], sa_mask[0]=11111111011111110111111111111111, sa_flags=SA_RESTART|SA_SIGINFO
SIGPIPE: [libjvm.dylib+0x48ae24], sa_mask[0]=11111111011111110111111111111111, sa_flags=SA_RESTART|SA_SIGINFO
SIGXFSZ: [libjvm.dylib+0x48ae24], sa_mask[0]=11111111011111110111111111111111, sa_flags=SA_RESTART|SA_SIGINFO
SIGILL: [libjvm.dylib+0x48ae24], sa_mask[0]=11111111011111110111111111111111, sa_flags=SA_RESTART|SA_SIGINFO
SIGUSR1: SIG_DFL, sa_mask[0]=00000000000000000000000000000000, sa_flags=none
SIGUSR2: [libjvm.dylib+0x48a942], sa_mask[0]=00100000000000000000000000000000, sa_flags=SA_RESTART|SA_SIGINFO
SIGHUP: [libjvm.dylib+0x488f0d], sa_mask[0]=11111111011111110111111111111111, sa_flags=SA_RESTART|SA_SIGINFO
SIGINT: [libjvm.dylib+0x488f0d], sa_mask[0]=11111111011111110111111111111111, sa_flags=SA_RESTART|SA_SIGINFO
SIGTERM: [libjvm.dylib+0x488f0d], sa_mask[0]=11111111011111110111111111111111, sa_flags=SA_RESTART|SA_SIGINFO
SIGQUIT: [libjvm.dylib+0x488f0d], sa_mask[0]=11111111011111110111111111111111, sa_flags=SA_RESTART|SA_SIGINFO


---------------  S Y S T E M  ---------------

OS:Bsduname:Darwin 17.7.0 Darwin Kernel Version 17.7.0: Thu Jun 21 22:53:14 PDT 2018; root:xnu-4570.71.2~1/RELEASE_X86_64 x86_64
rlimit: STACK 8192k, CORE 0k, NPROC 1418, NOFILE 10240, AS infinity
load average:3.05 2.70 2.67

CPU:total 8 (initial active 8) (4 cores per cpu, 2 threads per core) family 6 model 70 stepping 1, cmov, cx8, fxsr, mmx, sse, sse2, sse3, ssse3, sse4.1, sse4.2, popcnt, avx, avx2, aes, clmul, erms, lzcnt, ht, tsc, tscinvbit, bmi1, bmi2

Memory: 4k page, physical 16777216k(1200508k free)

/proc/meminfo:


vm_info: Java HotSpot(TM) 64-Bit Server VM (25.161-b12) for bsd-amd64 JRE (1.8.0_161-b12), built on Dec 19 2017 16:22:20 by "java_re" with gcc 4.2.1 (Based on Apple Inc. build 5658) (LLVM build 2336.11.00)

time: Fri Sep  7 13:48:53 2018
elapsed time: 10 seconds (0d 0h 0m 10s)

