#
# A fatal error has been detected by the Java Runtime Environment:
#
#  SIGSEGV (0xb) at pc=0x00007fff6b67fb10, pid=90222, tid=0x0000000000006e0f
#
# JRE version: Java(TM) SE Runtime Environment (8.0_161-b12) (build 1.8.0_161-b12)
# Java VM: Java HotSpot(TM) 64-Bit Server VM (25.161-b12 mixed mode bsd-amd64 compressed oops)
# Problematic frame:
# C  [libstdc++.6.0.9.dylib+0x2cb10]  _ZNSs6assignEPKcm+0x26
#
# Failed to write core dump. Core dumps have been disabled. To enable core dumping, try "ulimit -c unlimited" before starting Java again
#
# If you would like to submit a bug report, please visit:
#   http://bugreport.java.com/bugreport/crash.jsp
# The crash happened outside the Java Virtual Machine in native code.
# See problematic frame for where to report the bug.
#

---------------  T H R E A D  ---------------

Current thread (0x00007fa4c546c800):  JavaThread "pool-1-thread-2" [_thread_in_native, id=28175, stack(0x000070000a75f000,0x000070000a85f000)]

siginfo: si_signo: 11 (SIGSEGV), si_code: 1 (SEGV_MAPERR), si_addr: 0x00007fa400000000

Registers:
RAX=0x3ffffffffffffffa, RBX=0x0000000000000024, RCX=0x0000000000000000, RDX=0x0000000000000024
RSP=0x000070000a85cd30, RBP=0x000070000a85cd50, RSI=0x000070000a85e160, RDI=0x00007fa400000000
R8 =0x000070000a85ca90, R9 =0x000070000a85ccd0, R10=0x00007fa4c5828010, R11=0x00006ffecd50d6ed
R12=0x000070000a85e5b0, R13=0x000070000a85e528, R14=0x00007fa400000000, R15=0x000070000a85e160
RIP=0x00007fff6b67fb10, EFLAGS=0x0000000000010293, ERR=0x0000000000000004
  TRAPNO=0x000000000000000e

Top of Stack: (sp=0x000070000a85cd30)
0x000070000a85cd30:   0000000000000024 000070000a85e160
0x000070000a85cd40:   00007fa4c4ff5a00 00007fa4c4ff6a00
0x000070000a85cd50:   000070000a85e260 000000013ca5bae8
0x000070000a85cd60:   0000000000000100 000070000a85ce26
0x000070000a85cd70:   0000000000000000 00007fffa45bb328
0x000070000a85cd80:   00007fa400000000 00000000c500428a
0x000070000a85cd90:   000000bd0a85cdd0 00007fffffff0208
0x000070000a85cda0:   00007fa4c5004248 00007000000000ff
0x000070000a85cdb0:   0000000000000100 00007fa4c4601c50
0x000070000a85cdc0:   00007fa4c50048d8 000000010f759080
0x000070000a85cdd0:   000000013ca5b160 000000013cffc240
0x000070000a85cde0:   000000013cffc290 000000013cffc300
0x000070000a85cdf0:   000000013cffc3f0 00007fff00000021
0x000070000a85ce00:   4022c9be1db26d7b 0000000000000007
0x000070000a85ce10:   00007fa4c5907520 00007fa4c59fc080
0x000070000a85ce20:   000070000a85d1e0 0000000000000000
0x000070000a85ce30:   0000000032aaaba2 0000000000000000
0x000070000a85ce40:   0000000000000000 0000000000000000
0x000070000a85ce50:   0000000000000000 000000013d4447b0
0x000070000a85ce60:   000000000000007c 0000000000000000
0x000070000a85ce70:   0000000000000000 00007fa4c44a0c40
0x000070000a85ce80:   000070000a85e260 000070000a85cd60
0x000070000a85ce90:   000070000a85e5b0 000070000a85e528
0x000070000a85cea0:   00007fa4c4ff5a00 00007fa4c4ff6a00
0x000070000a85ceb0:   000000013ca5baa9 0000000000000000
0x000070000a85cec0:   0000037f00001fa0 0000000000000004
0x000070000a85ced0:   0000000000000004 0000000000000000
0x000070000a85cee0:   0000000000000000 0000000000000000
0x000070000a85cef0:   0000000000000000 a1be2de122170026
0x000070000a85cf00:   000070000a85d088 00007fa4c5004248
0x000070000a85cf10:   000070000a85cdd0 00007fa4c44a0cb0
0x000070000a85cf20:   0000000000000000 00007fff6bb653fe 

Instructions: (pc=0x00007fff6b67fb10)
0x00007fff6b67faf0:   41 56 53 50 48 89 d3 49 89 f7 49 89 fe 48 b8 fa
0x00007fff6b67fb00:   ff ff ff ff ff ff 3f 48 39 c3 0f 83 a5 00 00 00
0x00007fff6b67fb10:   49 8b 3e 48 8b 57 e8 4c 39 ff 77 0f 48 8d 04 17
0x00007fff6b67fb20:   4c 39 f8 72 06 83 7f f8 00 7e 2f 31 f6 4c 89 f7 

Register to memory mapping:

RAX=0x3ffffffffffffffa is an unknown value
RBX=0x0000000000000024 is an unknown value
RCX=0x0000000000000000 is an unknown value
RDX=0x0000000000000024 is an unknown value
RSP=0x000070000a85cd30 is pointing into the stack for thread: 0x00007fa4c546c800
RBP=0x000070000a85cd50 is pointing into the stack for thread: 0x00007fa4c546c800
RSI=0x000070000a85e160 is pointing into the stack for thread: 0x00007fa4c546c800
RDI=0x00007fa400000000 is an unknown value
R8 =0x000070000a85ca90 is pointing into the stack for thread: 0x00007fa4c546c800
R9 =0x000070000a85ccd0 is pointing into the stack for thread: 0x00007fa4c546c800
R10=0x00007fa4c5828010 is an unknown value
R11=0x00006ffecd50d6ed is an unknown value
R12=0x000070000a85e5b0 is pointing into the stack for thread: 0x00007fa4c546c800
R13=0x000070000a85e528 is pointing into the stack for thread: 0x00007fa4c546c800
R14=0x00007fa400000000 is an unknown value
R15=0x000070000a85e160 is pointing into the stack for thread: 0x00007fa4c546c800


Stack: [0x000070000a75f000,0x000070000a85f000],  sp=0x000070000a85cd30,  free space=1015k
Native frames: (J=compiled Java code, j=interpreted, Vv=VM code, C=native code)
C  [libstdc++.6.0.9.dylib+0x2cb10]  _ZNSs6assignEPKcm+0x26
C  [libopencv_java249.dylib+0x3d3ae8]  _ZN2cv11JpegEncoder5writeERKNS_3MatERKSt6vectorIiSaIiEE+0x1f8
C  [libopencv_java249.dylib+0x3be37f]  _ZN2cvL8imwrite_ERKSsRKNS_3MatERKSt6vectorIiSaIiEEb+0x44f
C  [libopencv_java249.dylib+0x3bde44]  _ZN2cv7imwriteERKSsRKNS_11_InputArrayERKSt6vectorIiSaIiEE+0x34
C  [libopencv_java249.dylib+0x443c8]  Java_org_opencv_highgui_Highgui_imwrite_11+0x88
j  org.opencv.highgui.Highgui.imwrite_1(Ljava/lang/String;J)Z+0
j  org.opencv.highgui.Highgui.imwrite(Ljava/lang/String;Lorg/opencv/core/Mat;)Z+5
j  com.taiger.kp.preprocess.controller.Preprocessor.preprocess(Lorg/opencv/core/Mat;I)Lorg/opencv/core/Mat;+288
j  com.taiger.kp.preprocess.model.PageRunnable.run()V+9
j  java.util.concurrent.ThreadPoolExecutor.runWorker(Ljava/util/concurrent/ThreadPoolExecutor$Worker;)V+95
j  java.util.concurrent.ThreadPoolExecutor$Worker.run()V+5
j  java.lang.Thread.run()V+11
v  ~StubRoutines::call_stub
V  [libjvm.dylib+0x2ef9aa]
V  [libjvm.dylib+0x2f014e]
V  [libjvm.dylib+0x2f02fa]
V  [libjvm.dylib+0x34aae5]
V  [libjvm.dylib+0x56edef]
V  [libjvm.dylib+0x5704ea]
V  [libjvm.dylib+0x48d83a]
C  [libsystem_pthread.dylib+0x3661]  _pthread_body+0x154
C  [libsystem_pthread.dylib+0x350d]  _pthread_body+0x0
C  [libsystem_pthread.dylib+0x2bf9]  thread_start+0xd
C  0x0000000000000000

Java frames: (J=compiled Java code, j=interpreted, Vv=VM code)
j  org.opencv.highgui.Highgui.imwrite_1(Ljava/lang/String;J)Z+0
j  org.opencv.highgui.Highgui.imwrite(Ljava/lang/String;Lorg/opencv/core/Mat;)Z+5
j  com.taiger.kp.preprocess.controller.Preprocessor.preprocess(Lorg/opencv/core/Mat;I)Lorg/opencv/core/Mat;+288
j  com.taiger.kp.preprocess.model.PageRunnable.run()V+9
j  java.util.concurrent.ThreadPoolExecutor.runWorker(Ljava/util/concurrent/ThreadPoolExecutor$Worker;)V+95
j  java.util.concurrent.ThreadPoolExecutor$Worker.run()V+5
j  java.lang.Thread.run()V+11
v  ~StubRoutines::call_stub

---------------  P R O C E S S  ---------------

Java Threads: ( => current thread )
=>0x00007fa4c546c800 JavaThread "pool-1-thread-2" [_thread_in_native, id=28175, stack(0x000070000a75f000,0x000070000a85f000)]
  0x00007fa4c80c8800 JavaThread "pool-1-thread-1" [_thread_in_native, id=26419, stack(0x000070000a247000,0x000070000a347000)]
  0x00007fa4c628b800 JavaThread "Java2D Queue Flusher" daemon [_thread_blocked, id=75543, stack(0x000070000a65c000,0x000070000a75c000)]
  0x00007fa4c61a4000 JavaThread "Java2D Disposer" daemon [_thread_blocked, id=82551, stack(0x000070000a559000,0x000070000a659000)]
  0x00007fa4c494b000 JavaThread "AWT-AppKit" daemon [_thread_in_native, id=775, stack(0x00007ffedfcc4000,0x00007ffee04c4000)]
  0x00007fa4c6021800 JavaThread "Service Thread" daemon [_thread_blocked, id=43267, stack(0x0000700009f3e000,0x000070000a03e000)]
  0x00007fa4c4814000 JavaThread "C1 CompilerThread3" daemon [_thread_blocked, id=22019, stack(0x0000700009e3b000,0x0000700009f3b000)]
  0x00007fa4c504c800 JavaThread "C2 CompilerThread2" daemon [_thread_blocked, id=15619, stack(0x0000700009d38000,0x0000700009e38000)]
  0x00007fa4c4812000 JavaThread "C2 CompilerThread1" daemon [_thread_blocked, id=15875, stack(0x0000700009c35000,0x0000700009d35000)]
  0x00007fa4c6022800 JavaThread "C2 CompilerThread0" daemon [_thread_blocked, id=16387, stack(0x0000700009b32000,0x0000700009c32000)]
  0x00007fa4c6806800 JavaThread "JDWP Command Reader" daemon [_thread_in_native, id=16643, stack(0x0000700009a2f000,0x0000700009b2f000)]
  0x00007fa4c480b000 JavaThread "JDWP Event Helper Thread" daemon [_thread_blocked, id=16899, stack(0x000070000992c000,0x0000700009a2c000)]
  0x00007fa4c504b800 JavaThread "JDWP Transport Listener: dt_socket" daemon [_thread_blocked, id=14599, stack(0x0000700009829000,0x0000700009929000)]
  0x00007fa4c505c000 JavaThread "Signal Dispatcher" daemon [_thread_blocked, id=14091, stack(0x0000700009726000,0x0000700009826000)]
  0x00007fa4c6016000 JavaThread "Finalizer" daemon [_thread_blocked, id=13059, stack(0x0000700009623000,0x0000700009723000)]
  0x00007fa4c6013800 JavaThread "Reference Handler" daemon [_thread_blocked, id=12803, stack(0x0000700009520000,0x0000700009620000)]
  0x00007fa4c480a000 JavaThread "main" [_thread_blocked, id=6403, stack(0x0000700008b02000,0x0000700008c02000)]

Other Threads:
  0x00007fa4c7004800 VMThread [stack: 0x000070000941d000,0x000070000951d000] [id=19971]
  0x00007fa4c603f800 WatcherThread [stack: 0x000070000a041000,0x000070000a141000] [id=22531]

VM state:not at safepoint (normal execution)

VM Mutex/Monitor currently owned by a thread: None

Heap:
 PSYoungGen      total 1116672K, used 20940K [0x00000006eab00000, 0x0000000733600000, 0x00000007c0000000)
  eden space 1047040K, 2% used [0x00000006eab00000,0x00000006ebf73350,0x000000072a980000)
  from space 69632K, 0% used [0x000000072ef00000,0x000000072ef00000,0x0000000733300000)
  to   space 71168K, 0% used [0x000000072a980000,0x000000072a980000,0x000000072ef00000)
 ParOldGen       total 699392K, used 5235K [0x0000000540000000, 0x000000056ab00000, 0x00000006eab00000)
  object space 699392K, 0% used [0x0000000540000000,0x000000054051cc18,0x000000056ab00000)
 Metaspace       used 12881K, capacity 13096K, committed 13312K, reserved 1060864K
  class space    used 1427K, capacity 1506K, committed 1536K, reserved 1048576K

Card table byte_map: [0x0000000111bf9000,0x0000000112ffa000] byte_map_base: 0x000000010f1f9000

Marking Bits: (ParMarkBitMap*) 0x00000001110f76c0
 Begin Bits: [0x00000001231a1000, 0x000000012d1a1000)
 End Bits:   [0x000000012d1a1000, 0x00000001371a1000)

Polling page: 0x000000010f7c1000

CodeCache: size=245760Kb used=5478Kb max_used=5513Kb free=240281Kb
 bounds [0x000000011344b000, 0x00000001139bb000, 0x000000012244b000]
 total_blobs=1927 nmethods=1259 adapters=590
 compilation: enabled

Compilation events (10 events):
Event: 9.098 Thread 0x00007fa4c504c800 nmethod 1255 0x00000001139979d0 code [0x0000000113997b20, 0x0000000113997ba8]
Event: 9.099 Thread 0x00007fa4c4812000 1256       4       org.opencv.core.Mat::width (5 bytes)
Event: 9.099 Thread 0x00007fa4c4812000 nmethod 1256 0x0000000113997c50 code [0x0000000113997da0, 0x0000000113997e28]
Event: 9.112 Thread 0x00007fa4c4814000 1257 %     3       com.taiger.kp.preprocess.controller.Tunner::isBW @ 33 (90 bytes)
Event: 9.114 Thread 0x00007fa4c4814000 nmethod 1257% 0x0000000113996090 code [0x0000000113996320, 0x00000001139971a8]
Event: 9.114 Thread 0x00007fa4c4814000 1258       3       com.taiger.kp.preprocess.controller.Tunner::isBW (90 bytes)
Event: 9.115 Thread 0x00007fa4c4814000 nmethod 1258 0x0000000113997ed0 code [0x0000000113998140, 0x0000000113998e88]
Event: 9.127 Thread 0x00007fa4c504c800 1259 %     4       com.taiger.kp.preprocess.controller.Tunner::isBW @ 33 (90 bytes)
Event: 9.131 Thread 0x00007fa4c504c800 nmethod 1259% 0x0000000113999650 code [0x0000000113999840, 0x0000000113999da0]
Event: 9.178 Thread 0x00007fa4c6022800 nmethod 1229 0x00000001139a2cd0 code [0x00000001139a3240, 0x00000001139ab430]

GC Heap History (10 events):
Event: 7.928 GC heap before
{Heap before GC invocations=6 (full 0):
 PSYoungGen      total 567808K, used 567793K [0x00000006eab00000, 0x0000000732f00000, 0x00000007c0000000)
  eden space 524288K, 100% used [0x00000006eab00000,0x000000070ab00000,0x000000070ab00000)
  from space 43520K, 99% used [0x000000070ab00000,0x000000070d57c7d0,0x000000070d580000)
  to   space 67584K, 0% used [0x000000072ed00000,0x000000072ed00000,0x0000000732f00000)
 ParOldGen       total 699392K, used 23186K [0x0000000540000000, 0x000000056ab00000, 0x00000006eab00000)
  object space 699392K, 3% used [0x0000000540000000,0x00000005416a4808,0x000000056ab00000)
 Metaspace       used 12393K, capacity 12582K, committed 12800K, reserved 1060864K
  class space    used 1375K, capacity 1441K, committed 1536K, reserved 1048576K
Event: 7.941 GC heap after
Heap after GC invocations=6 (full 0):
 PSYoungGen      total 1112064K, used 26990K [0x00000006eab00000, 0x0000000732b00000, 0x00000007c0000000)
  eden space 1048576K, 0% used [0x00000006eab00000,0x00000006eab00000,0x000000072ab00000)
  from space 63488K, 42% used [0x000000072ed00000,0x000000073075b990,0x0000000732b00000)
  to   space 65536K, 0% used [0x000000072ab00000,0x000000072ab00000,0x000000072eb00000)
 ParOldGen       total 699392K, used 23186K [0x0000000540000000, 0x000000056ab00000, 0x00000006eab00000)
  object space 699392K, 3% used [0x0000000540000000,0x00000005416a4808,0x000000056ab00000)
 Metaspace       used 12393K, capacity 12582K, committed 12800K, reserved 1060864K
  class space    used 1375K, capacity 1441K, committed 1536K, reserved 1048576K
}
Event: 9.213 GC heap before
{Heap before GC invocations=7 (full 0):
 PSYoungGen      total 1112064K, used 385980K [0x00000006eab00000, 0x0000000732b00000, 0x00000007c0000000)
  eden space 1048576K, 34% used [0x00000006eab00000,0x00000007009938c0,0x000000072ab00000)
  from space 63488K, 42% used [0x000000072ed00000,0x000000073075b990,0x0000000732b00000)
  to   space 65536K, 0% used [0x000000072ab00000,0x000000072ab00000,0x000000072eb00000)
 ParOldGen       total 699392K, used 23186K [0x0000000540000000, 0x000000056ab00000, 0x00000006eab00000)
  object space 699392K, 3% used [0x0000000540000000,0x00000005416a4808,0x000000056ab00000)
 Metaspace       used 12857K, capacity 13096K, committed 13312K, reserved 1060864K
  class space    used 1424K, capacity 1506K, committed 1536K, reserved 1048576K
Event: 9.217 GC heap after
Heap after GC invocations=7 (full 0):
 PSYoungGen      total 1114112K, used 471K [0x00000006eab00000, 0x0000000733300000, 0x00000007c0000000)
  eden space 1048576K, 0% used [0x00000006eab00000,0x00000006eab00000,0x000000072ab00000)
  from space 65536K, 0% used [0x000000072ab00000,0x000000072ab75ec8,0x000000072eb00000)
  to   space 69632K, 0% used [0x000000072ef00000,0x000000072ef00000,0x0000000733300000)
 ParOldGen       total 699392K, used 25022K [0x0000000540000000, 0x000000056ab00000, 0x00000006eab00000)
  object space 699392K, 3% used [0x0000000540000000,0x000000054186fa18,0x000000056ab00000)
 Metaspace       used 12857K, capacity 13096K, committed 13312K, reserved 1060864K
  class space    used 1424K, capacity 1506K, committed 1536K, reserved 1048576K
}
Event: 9.217 GC heap before
{Heap before GC invocations=8 (full 1):
 PSYoungGen      total 1114112K, used 471K [0x00000006eab00000, 0x0000000733300000, 0x00000007c0000000)
  eden space 1048576K, 0% used [0x00000006eab00000,0x00000006eab00000,0x000000072ab00000)
  from space 65536K, 0% used [0x000000072ab00000,0x000000072ab75ec8,0x000000072eb00000)
  to   space 69632K, 0% used [0x000000072ef00000,0x000000072ef00000,0x0000000733300000)
 ParOldGen       total 699392K, used 25022K [0x0000000540000000, 0x000000056ab00000, 0x00000006eab00000)
  object space 699392K, 3% used [0x0000000540000000,0x000000054186fa18,0x000000056ab00000)
 Metaspace       used 12857K, capacity 13096K, committed 13312K, reserved 1060864K
  class space    used 1424K, capacity 1506K, committed 1536K, reserved 1048576K
Event: 9.240 GC heap after
Heap after GC invocations=8 (full 1):
 PSYoungGen      total 1114112K, used 0K [0x00000006eab00000, 0x0000000733300000, 0x00000007c0000000)
  eden space 1048576K, 0% used [0x00000006eab00000,0x00000006eab00000,0x000000072ab00000)
  from space 65536K, 0% used [0x000000072ab00000,0x000000072ab00000,0x000000072eb00000)
  to   space 69632K, 0% used [0x000000072ef00000,0x000000072ef00000,0x0000000733300000)
 ParOldGen       total 699392K, used 5733K [0x0000000540000000, 0x000000056ab00000, 0x00000006eab00000)
  object space 699392K, 0% used [0x0000000540000000,0x0000000540599630,0x000000056ab00000)
 Metaspace       used 12857K, capacity 13096K, committed 13312K, reserved 1060864K
  class space    used 1424K, capacity 1506K, committed 1536K, reserved 1048576K
}
Event: 9.339 GC heap before
{Heap before GC invocations=9 (full 1):
 PSYoungGen      total 1114112K, used 41943K [0x00000006eab00000, 0x0000000733300000, 0x00000007c0000000)
  eden space 1048576K, 4% used [0x00000006eab00000,0x00000006ed3f5ce0,0x000000072ab00000)
  from space 65536K, 0% used [0x000000072ab00000,0x000000072ab00000,0x000000072eb00000)
  to   space 69632K, 0% used [0x000000072ef00000,0x000000072ef00000,0x0000000733300000)
 ParOldGen       total 699392K, used 5733K [0x0000000540000000, 0x000000056ab00000, 0x00000006eab00000)
  object space 699392K, 0% used [0x0000000540000000,0x0000000540599630,0x000000056ab00000)
 Metaspace       used 12863K, capacity 13096K, committed 13312K, reserved 1060864K
  class space    used 1425K, capacity 1506K, committed 1536K, reserved 1048576K
Event: 9.340 GC heap after
Heap after GC invocations=9 (full 1):
 PSYoungGen      total 1116672K, used 192K [0x00000006eab00000, 0x0000000733600000, 0x00000007c0000000)
  eden space 1047040K, 0% used [0x00000006eab00000,0x00000006eab00000,0x000000072a980000)
  from space 69632K, 0% used [0x000000072ef00000,0x000000072ef30000,0x0000000733300000)
  to   space 71168K, 0% used [0x000000072a980000,0x000000072a980000,0x000000072ef00000)
 ParOldGen       total 699392K, used 5733K [0x0000000540000000, 0x000000056ab00000, 0x00000006eab00000)
  object space 699392K, 0% used [0x0000000540000000,0x0000000540599630,0x000000056ab00000)
 Metaspace       used 12863K, capacity 13096K, committed 13312K, reserved 1060864K
  class space    used 1425K, capacity 1506K, committed 1536K, reserved 1048576K
}
Event: 9.340 GC heap before
{Heap before GC invocations=10 (full 2):
 PSYoungGen      total 1116672K, used 192K [0x00000006eab00000, 0x0000000733600000, 0x00000007c0000000)
  eden space 1047040K, 0% used [0x00000006eab00000,0x00000006eab00000,0x000000072a980000)
  from space 69632K, 0% used [0x000000072ef00000,0x000000072ef30000,0x0000000733300000)
  to   space 71168K, 0% used [0x000000072a980000,0x000000072a980000,0x000000072ef00000)
 ParOldGen       total 699392K, used 5733K [0x0000000540000000, 0x000000056ab00000, 0x00000006eab00000)
  object space 699392K, 0% used [0x0000000540000000,0x0000000540599630,0x000000056ab00000)
 Metaspace       used 12863K, capacity 13096K, committed 13312K, reserved 1060864K
  class space    used 1425K, capacity 1506K, committed 1536K, reserved 1048576K
Event: 9.366 GC heap after
Heap after GC invocations=10 (full 2):
 PSYoungGen      total 1116672K, used 0K [0x00000006eab00000, 0x0000000733600000, 0x00000007c0000000)
  eden space 1047040K, 0% used [0x00000006eab00000,0x00000006eab00000,0x000000072a980000)
  from space 69632K, 0% used [0x000000072ef00000,0x000000072ef00000,0x0000000733300000)
  to   space 71168K, 0% used [0x000000072a980000,0x000000072a980000,0x000000072ef00000)
 ParOldGen       total 699392K, used 5235K [0x0000000540000000, 0x000000056ab00000, 0x00000006eab00000)
  object space 699392K, 0% used [0x0000000540000000,0x000000054051cc18,0x000000056ab00000)
 Metaspace       used 12863K, capacity 13096K, committed 13312K, reserved 1060864K
  class space    used 1425K, capacity 1506K, committed 1536K, reserved 1048576K
}

Deoptimization events (10 events):
Event: 3.230 Thread 0x00007fa4c480a000 Uncommon trap: reason=class_check action=maybe_recompile pc=0x0000000113771244 method=java.awt.image.BufferedImage.getRGB(II)I @ 11
Event: 3.230 Thread 0x00007fa4c480a000 Uncommon trap: reason=class_check action=maybe_recompile pc=0x0000000113771244 method=java.awt.image.BufferedImage.getRGB(II)I @ 11
Event: 3.230 Thread 0x00007fa4c480a000 Uncommon trap: reason=class_check action=maybe_recompile pc=0x0000000113771244 method=java.awt.image.BufferedImage.getRGB(II)I @ 11
Event: 3.230 Thread 0x00007fa4c480a000 Uncommon trap: reason=class_check action=maybe_recompile pc=0x0000000113771244 method=java.awt.image.BufferedImage.getRGB(II)I @ 11
Event: 4.644 Thread 0x00007fa4c480a000 Uncommon trap: reason=unloaded action=reinterpret pc=0x00000001138a8598 method=com.taiger.kp.preprocess.controller.ExtractImages.pdf2imageInfo(Ljava/lang/String;Ljava/lang/String;)Ljava/util/List; @ 157
Event: 5.770 Thread 0x00007fa4c480a000 Uncommon trap: reason=unstable_if action=reinterpret pc=0x0000000113929138 method=com.sun.imageio.plugins.png.PNGImageWriter.encodePass(Ljavax/imageio/stream/ImageOutputStream;Ljava/awt/image/RenderedImage;IIII)V @ 303
Event: 5.773 Thread 0x00007fa4c480a000 Uncommon trap: reason=unstable_if action=reinterpret pc=0x0000000113922384 method=sun.awt.image.ByteComponentRaster.verify()V @ 269
Event: 8.289 Thread 0x00007fa4c480a000 Uncommon trap: reason=unstable_if action=reinterpret pc=0x000000011393d08c method=com.taiger.kp.preprocess.controller.ExtractImages.pdf2imageInfo(Ljava/lang/String;Ljava/lang/String;)Ljava/util/List; @ 148
Event: 9.213 Thread 0x00007fa4c546c800 Uncommon trap: reason=unstable_if action=reinterpret pc=0x0000000113999c1c method=com.taiger.kp.preprocess.controller.Tunner.isBW(Lorg/opencv/core/Mat;)Z @ 60
Event: 9.339 Thread 0x00007fa4c80c8800 Uncommon trap: reason=unstable_if action=reinterpret pc=0x0000000113999c1c method=com.taiger.kp.preprocess.controller.Tunner.isBW(Lorg/opencv/core/Mat;)Z @ 60

Classes redefined (0 events):
No events

Internal exceptions (10 events):
Event: 0.322 Thread 0x00007fa4c480a000 Exception <a 'sun/nio/fs/UnixException'> (0x00000006eae5d9c0) thrown at [/Users/java_re/workspace/8-2-build-macosx-x86_64/jdk8u161/10277/hotspot/src/share/vm/prims/jni.cpp, line 709]
Event: 0.620 Thread 0x00007fa4c480a000 Exception <a 'java/io/FileNotFoundException'> (0x00000006ebe2ba60) thrown at [/Users/java_re/workspace/8-2-build-macosx-x86_64/jdk8u161/10277/hotspot/src/share/vm/prims/jni.cpp, line 709]
Event: 0.707 Thread 0x00007fa4c480a000 Exception <a 'java/lang/NoSuchFieldError': method resolution failed> (0x00000006ec062ca8) thrown at [/Users/java_re/workspace/8-2-build-macosx-x86_64/jdk8u161/10277/hotspot/src/share/vm/prims/methodHandles.cpp, line 1167]
Event: 0.711 Thread 0x00007fa4c480a000 Exception <a 'java/lang/NoSuchFieldError': method resolution failed> (0x00000006ec070398) thrown at [/Users/java_re/workspace/8-2-build-macosx-x86_64/jdk8u161/10277/hotspot/src/share/vm/prims/methodHandles.cpp, line 1167]
Event: 0.958 Thread 0x00007fa4c480a000 Exception <a 'java/io/FileNotFoundException'> (0x00000006ec0f5940) thrown at [/Users/java_re/workspace/8-2-build-macosx-x86_64/jdk8u161/10277/hotspot/src/share/vm/prims/jni.cpp, line 709]
Event: 0.958 Thread 0x00007fa4c480a000 Exception <a 'java/io/FileNotFoundException'> (0x00000006ec0f6498) thrown at [/Users/java_re/workspace/8-2-build-macosx-x86_64/jdk8u161/10277/hotspot/src/share/vm/prims/jni.cpp, line 709]
Event: 0.977 Thread 0x00007fa4c480a000 Exception <a 'java/lang/NoSuchMethodError': org.slf4j.impl.StaticMDCBinder.getSingleton()Lorg/slf4j/impl/StaticMDCBinder;> (0x00000006ec214be8) thrown at [/Users/java_re/workspace/8-2-build-macosx-x86_64/jdk8u161/10277/hotspot/src/share/vm/interpreter/lin
Event: 1.812 Thread 0x00007fa4c6016000 Implicit null exception at 0x00000001135ccb15 to 0x00000001135ccc51
Event: 8.992 Thread 0x00007fa4c80c8800 Exception <a 'java/lang/ArrayIndexOutOfBoundsException': 45> (0x00000006fc7d3ae0) thrown at [/Users/java_re/workspace/8-2-build-macosx-x86_64/jdk8u161/10277/hotspot/src/share/vm/interpreter/interpreterRuntime.cpp, line 366]
Event: 8.992 Thread 0x00007fa4c546c800 Exception <a 'java/lang/ArrayIndexOutOfBoundsException': 45> (0x00000006fd20d7e0) thrown at [/Users/java_re/workspace/8-2-build-macosx-x86_64/jdk8u161/10277/hotspot/src/share/vm/interpreter/interpreterRuntime.cpp, line 366]

Events (10 events):
Event: 9.395 Thread 0x00007fa4c546c800 DEOPT PACKING pc=0x0000000113638471 sp=0x000070000a85ad50
Event: 9.395 Thread 0x00007fa4c546c800 DEOPT UNPACKING pc=0x0000000113492784 sp=0x000070000a85aac0 mode 1
Event: 9.395 Executing VM operation: RevokeBias
Event: 9.395 Executing VM operation: RevokeBias done
Event: 9.395 Thread 0x00007fa4c546c800 DEOPT PACKING pc=0x00000001135f7e54 sp=0x000070000a85add0
Event: 9.395 Thread 0x00007fa4c546c800 DEOPT UNPACKING pc=0x0000000113492784 sp=0x000070000a85ac10 mode 1
Event: 9.395 Executing VM operation: RevokeBias
Event: 9.395 Executing VM operation: RevokeBias done
Event: 9.395 Thread 0x00007fa4c546c800 DEOPT PACKING pc=0x00000001135f7bf4 sp=0x000070000a85af60
Event: 9.395 Thread 0x00007fa4c546c800 DEOPT UNPACKING pc=0x0000000113492784 sp=0x000070000a85ada0 mode 1


Dynamic libraries:
0x000000001c0e4000 	/System/Library/Frameworks/Cocoa.framework/Versions/A/Cocoa
0x000000001c0e4000 	/System/Library/Frameworks/Security.framework/Versions/A/Security
0x000000001c0e4000 	/System/Library/Frameworks/ApplicationServices.framework/Versions/A/ApplicationServices
0x000000001c0e4000 	/usr/lib/libz.1.dylib
0x000000001c0e4000 	/usr/lib/libSystem.B.dylib
0x000000001c0e4000 	/usr/lib/libobjc.A.dylib
0x000000001c0e4000 	/System/Library/Frameworks/CoreFoundation.framework/Versions/A/CoreFoundation
0x000000001c0e4000 	/System/Library/Frameworks/Foundation.framework/Versions/C/Foundation
0x000000001c0e4000 	/System/Library/Frameworks/AppKit.framework/Versions/C/AppKit
0x000000001c0e4000 	/System/Library/Frameworks/CoreData.framework/Versions/A/CoreData
0x000000001c0e4000 	/System/Library/PrivateFrameworks/RemoteViewServices.framework/Versions/A/RemoteViewServices
0x000000001c0e4000 	/System/Library/PrivateFrameworks/UIFoundation.framework/Versions/A/UIFoundation
0x000000001c0e4000 	/System/Library/PrivateFrameworks/DFRFoundation.framework/Versions/A/DFRFoundation
0x000000001c0e4000 	/System/Library/Frameworks/Metal.framework/Versions/A/Metal
0x000000001c0e4000 	/System/Library/PrivateFrameworks/DesktopServicesPriv.framework/Versions/A/DesktopServicesPriv
0x000000001c0e4000 	/usr/lib/libenergytrace.dylib
0x000000001c0e4000 	/System/Library/PrivateFrameworks/SkyLight.framework/Versions/A/SkyLight
0x000000001c0e4000 	/System/Library/Frameworks/CoreGraphics.framework/Versions/A/CoreGraphics
0x000000001c0e4000 	/usr/lib/libScreenReader.dylib
0x000000001c0e4000 	/System/Library/Frameworks/Accelerate.framework/Versions/A/Accelerate
0x000000001c0e4000 	/System/Library/Frameworks/IOSurface.framework/Versions/A/IOSurface
0x000000001c0e4000 	/System/Library/Frameworks/AudioToolbox.framework/Versions/A/AudioToolbox
0x000000001c0e4000 	/System/Library/Frameworks/AudioUnit.framework/Versions/A/AudioUnit
0x000000001c0e4000 	/System/Library/PrivateFrameworks/DataDetectorsCore.framework/Versions/A/DataDetectorsCore
0x000000001c0e4000 	/System/Library/Frameworks/Carbon.framework/Versions/A/Frameworks/HIToolbox.framework/Versions/A/HIToolbox
0x000000001c0e4000 	/usr/lib/libicucore.A.dylib
0x000000001c0e4000 	/System/Library/Frameworks/QuartzCore.framework/Versions/A/QuartzCore
0x000000001c0e4000 	/System/Library/PrivateFrameworks/SignpostNotification.framework/Versions/A/SignpostNotification
0x000000001c0e4000 	/System/Library/Frameworks/Carbon.framework/Versions/A/Frameworks/SpeechRecognition.framework/Versions/A/SpeechRecognition
0x000000001c0e4000 	/usr/lib/libauto.dylib
0x000000001c0e4000 	/usr/lib/libxml2.2.dylib
0x000000001c0e4000 	/System/Library/PrivateFrameworks/CoreUI.framework/Versions/A/CoreUI
0x000000001c0e4000 	/System/Library/Frameworks/CoreAudio.framework/Versions/A/CoreAudio
0x000000001c0e4000 	/System/Library/Frameworks/DiskArbitration.framework/Versions/A/DiskArbitration
0x000000001c0e4000 	/usr/lib/liblangid.dylib
0x000000001c0e4000 	/System/Library/PrivateFrameworks/MultitouchSupport.framework/Versions/A/MultitouchSupport
0x000000001c0e4000 	/System/Library/Frameworks/IOKit.framework/Versions/A/IOKit
0x000000001c0e4000 	/usr/lib/libDiagnosticMessagesClient.dylib
0x000000001c0e4000 	/System/Library/Frameworks/CoreServices.framework/Versions/A/CoreServices
0x000000001c0e4000 	/System/Library/PrivateFrameworks/PerformanceAnalysis.framework/Versions/A/PerformanceAnalysis
0x000000001c0e4000 	/System/Library/Frameworks/OpenGL.framework/Versions/A/OpenGL
0x000000001c0e4000 	/System/Library/Frameworks/ColorSync.framework/Versions/A/ColorSync
0x000000001c0e4000 	/System/Library/Frameworks/CoreImage.framework/Versions/A/CoreImage
0x000000001c0e4000 	/System/Library/Frameworks/CoreText.framework/Versions/A/CoreText
0x000000001c0e4000 	/System/Library/Frameworks/ImageIO.framework/Versions/A/ImageIO
0x000000001c0e4000 	/System/Library/PrivateFrameworks/Backup.framework/Versions/A/Backup
0x000000001c0e4000 	/usr/lib/libarchive.2.dylib
0x000000001c0e4000 	/System/Library/Frameworks/CFNetwork.framework/Versions/A/CFNetwork
0x000000001c0e4000 	/System/Library/Frameworks/SystemConfiguration.framework/Versions/A/SystemConfiguration
0x000000001c0e4000 	/usr/lib/libCRFSuite.dylib
0x000000001c0e4000 	/usr/lib/libc++.1.dylib
0x000000001c0e4000 	/usr/lib/libc++abi.dylib
0x000000001c0e4000 	/usr/lib/system/libcache.dylib
0x000000001c0e4000 	/usr/lib/system/libcommonCrypto.dylib
0x000000001c0e4000 	/usr/lib/system/libcompiler_rt.dylib
0x000000001c0e4000 	/usr/lib/system/libcopyfile.dylib
0x000000001c0e4000 	/usr/lib/system/libcorecrypto.dylib
0x000000001c0e4000 	/usr/lib/system/libdispatch.dylib
0x000000001c0e4000 	/usr/lib/system/libdyld.dylib
0x000000001c0e4000 	/usr/lib/system/libkeymgr.dylib
0x000000001c0e4000 	/usr/lib/system/liblaunch.dylib
0x000000001c0e4000 	/usr/lib/system/libmacho.dylib
0x000000001c0e4000 	/usr/lib/system/libquarantine.dylib
0x000000001c0e4000 	/usr/lib/system/libremovefile.dylib
0x000000001c0e4000 	/usr/lib/system/libsystem_asl.dylib
0x000000001c0e4000 	/usr/lib/system/libsystem_blocks.dylib
0x000000001c0e4000 	/usr/lib/system/libsystem_c.dylib
0x000000001c0e4000 	/usr/lib/system/libsystem_configuration.dylib
0x000000001c0e4000 	/usr/lib/system/libsystem_coreservices.dylib
0x000000001c0e4000 	/usr/lib/system/libsystem_darwin.dylib
0x000000001c0e4000 	/usr/lib/system/libsystem_dnssd.dylib
0x000000001c0e4000 	/usr/lib/system/libsystem_info.dylib
0x000000001c0e4000 	/usr/lib/system/libsystem_m.dylib
0x000000001c0e4000 	/usr/lib/system/libsystem_malloc.dylib
0x000000001c0e4000 	/usr/lib/system/libsystem_network.dylib
0x000000001c0e4000 	/usr/lib/system/libsystem_networkextension.dylib
0x000000001c0e4000 	/usr/lib/system/libsystem_notify.dylib
0x000000001c0e4000 	/usr/lib/system/libsystem_sandbox.dylib
0x000000001c0e4000 	/usr/lib/system/libsystem_secinit.dylib
0x000000001c0e4000 	/usr/lib/system/libsystem_kernel.dylib
0x000000001c0e4000 	/usr/lib/system/libsystem_platform.dylib
0x000000001c0e4000 	/usr/lib/system/libsystem_pthread.dylib
0x000000001c0e4000 	/usr/lib/system/libsystem_symptoms.dylib
0x000000001c0e4000 	/usr/lib/system/libsystem_trace.dylib
0x000000001c0e4000 	/usr/lib/system/libunwind.dylib
0x000000001c0e4000 	/usr/lib/system/libxpc.dylib
0x000000001c0e4000 	/usr/lib/closure/libclosured.dylib
0x000000001c0e4000 	/usr/lib/libbsm.0.dylib
0x000000001c0e4000 	/usr/lib/system/libkxld.dylib
0x000000001c0e4000 	/usr/lib/libOpenScriptingUtil.dylib
0x000000001c0e4000 	/usr/lib/libcoretls.dylib
0x000000001c0e4000 	/usr/lib/libcoretls_cfhelpers.dylib
0x000000001c0e4000 	/usr/lib/libpam.2.dylib
0x000000001c0e4000 	/usr/lib/libsqlite3.dylib
0x000000001c0e4000 	/usr/lib/libxar.1.dylib
0x000000001c0e4000 	/usr/lib/libbz2.1.0.dylib
0x000000001c0e4000 	/usr/lib/liblzma.5.dylib
0x000000001c0e4000 	/usr/lib/libnetwork.dylib
0x000000001c0e4000 	/usr/lib/libapple_nghttp2.dylib
0x000000001c0e4000 	/usr/lib/libpcap.A.dylib
0x000000001c0e4000 	/usr/lib/libboringssl.dylib
0x000000001c0e4000 	/usr/lib/libusrtcp.dylib
0x000000001c0e4000 	/usr/lib/libapple_crypto.dylib
0x000000001c0e4000 	/System/Library/Frameworks/CoreServices.framework/Versions/A/Frameworks/FSEvents.framework/Versions/A/FSEvents
0x000000001c0e4000 	/System/Library/Frameworks/CoreServices.framework/Versions/A/Frameworks/CarbonCore.framework/Versions/A/CarbonCore
0x000000001c0e4000 	/System/Library/Frameworks/CoreServices.framework/Versions/A/Frameworks/Metadata.framework/Versions/A/Metadata
0x000000001c0e4000 	/System/Library/Frameworks/CoreServices.framework/Versions/A/Frameworks/OSServices.framework/Versions/A/OSServices
0x000000001c0e4000 	/System/Library/Frameworks/CoreServices.framework/Versions/A/Frameworks/SearchKit.framework/Versions/A/SearchKit
0x000000001c0e4000 	/System/Library/Frameworks/CoreServices.framework/Versions/A/Frameworks/AE.framework/Versions/A/AE
0x000000001c0e4000 	/System/Library/Frameworks/CoreServices.framework/Versions/A/Frameworks/LaunchServices.framework/Versions/A/LaunchServices
0x000000001c0e4000 	/System/Library/Frameworks/CoreServices.framework/Versions/A/Frameworks/DictionaryServices.framework/Versions/A/DictionaryServices
0x000000001c0e4000 	/System/Library/Frameworks/CoreServices.framework/Versions/A/Frameworks/SharedFileList.framework/Versions/A/SharedFileList
0x000000001c0e4000 	/System/Library/Frameworks/NetFS.framework/Versions/A/NetFS
0x000000001c0e4000 	/System/Library/PrivateFrameworks/NetAuth.framework/Versions/A/NetAuth
0x000000001c0e4000 	/System/Library/PrivateFrameworks/login.framework/Versions/A/Frameworks/loginsupport.framework/Versions/A/loginsupport
0x000000001c0e4000 	/System/Library/PrivateFrameworks/TCC.framework/Versions/A/TCC
0x000000001c0e4000 	/usr/lib/libmecabra.dylib
0x000000001c0e4000 	/System/Library/Frameworks/ApplicationServices.framework/Versions/A/Frameworks/ATS.framework/Versions/A/ATS
0x000000001c0e4000 	/System/Library/Frameworks/ApplicationServices.framework/Versions/A/Frameworks/ColorSyncLegacy.framework/Versions/A/ColorSyncLegacy
0x000000001c0e4000 	/System/Library/Frameworks/ApplicationServices.framework/Versions/A/Frameworks/HIServices.framework/Versions/A/HIServices
0x000000001c0e4000 	/System/Library/Frameworks/ApplicationServices.framework/Versions/A/Frameworks/LangAnalysis.framework/Versions/A/LangAnalysis
0x000000001c0e4000 	/System/Library/Frameworks/ApplicationServices.framework/Versions/A/Frameworks/PrintCore.framework/Versions/A/PrintCore
0x000000001c0e4000 	/System/Library/Frameworks/ApplicationServices.framework/Versions/A/Frameworks/QD.framework/Versions/A/QD
0x000000001c0e4000 	/System/Library/Frameworks/ApplicationServices.framework/Versions/A/Frameworks/SpeechSynthesis.framework/Versions/A/SpeechSynthesis
0x000000001c0e4000 	/System/Library/Frameworks/CoreDisplay.framework/Versions/A/CoreDisplay
0x000000001c0e4000 	/System/Library/Frameworks/Accelerate.framework/Versions/A/Frameworks/vImage.framework/Versions/A/vImage
0x000000001c0e4000 	/System/Library/Frameworks/Accelerate.framework/Versions/A/Frameworks/vecLib.framework/Versions/A/vecLib
0x000000001c0e4000 	/System/Library/Frameworks/Accelerate.framework/Versions/A/Frameworks/vecLib.framework/Versions/A/libvDSP.dylib
0x000000001c0e4000 	/System/Library/Frameworks/Accelerate.framework/Versions/A/Frameworks/vecLib.framework/Versions/A/libBNNS.dylib
0x000000001c0e4000 	/System/Library/Frameworks/Accelerate.framework/Versions/A/Frameworks/vecLib.framework/Versions/A/libQuadrature.dylib
0x000000001c0e4000 	/System/Library/Frameworks/Accelerate.framework/Versions/A/Frameworks/vecLib.framework/Versions/A/libvMisc.dylib
0x000000001c0e4000 	/System/Library/Frameworks/Accelerate.framework/Versions/A/Frameworks/vecLib.framework/Versions/A/libLAPACK.dylib
0x000000001c0e4000 	/System/Library/Frameworks/Accelerate.framework/Versions/A/Frameworks/vecLib.framework/Versions/A/libBLAS.dylib
0x000000001c0e4000 	/System/Library/Frameworks/Accelerate.framework/Versions/A/Frameworks/vecLib.framework/Versions/A/libLinearAlgebra.dylib
0x000000001c0e4000 	/System/Library/Frameworks/Accelerate.framework/Versions/A/Frameworks/vecLib.framework/Versions/A/libSparse.dylib
0x000000001c0e4000 	/System/Library/Frameworks/Accelerate.framework/Versions/A/Frameworks/vecLib.framework/Versions/A/libSparseBLAS.dylib
0x000000001c0e4000 	/System/Library/PrivateFrameworks/GPUWrangler.framework/Versions/A/GPUWrangler
0x000000001c0e4000 	/System/Library/PrivateFrameworks/IOAccelerator.framework/Versions/A/IOAccelerator
0x000000001c0e4000 	/System/Library/PrivateFrameworks/IOPresentment.framework/Versions/A/IOPresentment
0x000000001c0e4000 	/System/Library/PrivateFrameworks/DSExternalDisplay.framework/Versions/A/DSExternalDisplay
0x000000001c0e4000 	/System/Library/Frameworks/OpenGL.framework/Versions/A/Libraries/libCoreFSCache.dylib
0x000000001c0e4000 	/System/Library/Frameworks/CoreVideo.framework/Versions/A/CoreVideo
0x000000001c0e4000 	/System/Library/PrivateFrameworks/GraphVisualizer.framework/Versions/A/GraphVisualizer
0x000000001c0e4000 	/System/Library/Frameworks/MetalPerformanceShaders.framework/Versions/A/MetalPerformanceShaders
0x000000001c0e4000 	/usr/lib/libFosl_dynamic.dylib
0x000000001c0e4000 	/System/Library/PrivateFrameworks/FaceCore.framework/Versions/A/FaceCore
0x000000001c0e4000 	/System/Library/Frameworks/OpenCL.framework/Versions/A/OpenCL
0x000000001c0e4000 	/usr/lib/libcompression.dylib
0x000000001c0e4000 	/System/Library/Frameworks/ApplicationServices.framework/Versions/A/Frameworks/ATS.framework/Versions/A/Resources/libFontParser.dylib
0x000000001c0e4000 	/System/Library/Frameworks/ApplicationServices.framework/Versions/A/Frameworks/ATS.framework/Versions/A/Resources/libFontRegistry.dylib
0x000000001c0e4000 	/System/Library/Frameworks/ImageIO.framework/Versions/A/Resources/libJPEG.dylib
0x000000001c0e4000 	/System/Library/Frameworks/ImageIO.framework/Versions/A/Resources/libTIFF.dylib
0x000000001c0e4000 	/System/Library/Frameworks/ImageIO.framework/Versions/A/Resources/libPng.dylib
0x000000001c0e4000 	/System/Library/Frameworks/ImageIO.framework/Versions/A/Resources/libGIF.dylib
0x000000001c0e4000 	/System/Library/Frameworks/ImageIO.framework/Versions/A/Resources/libJP2.dylib
0x000000001c0e4000 	/System/Library/Frameworks/ImageIO.framework/Versions/A/Resources/libRadiance.dylib
0x000000001c0e4000 	/System/Library/PrivateFrameworks/AppleJPEG.framework/Versions/A/AppleJPEG
0x000000001c0e4000 	/System/Library/Frameworks/MetalPerformanceShaders.framework/Frameworks/MPSCore.framework/Versions/A/MPSCore
0x000000001c0e4000 	/System/Library/Frameworks/MetalPerformanceShaders.framework/Frameworks/MPSImage.framework/Versions/A/MPSImage
0x000000001c0e4000 	/System/Library/Frameworks/MetalPerformanceShaders.framework/Frameworks/MPSNeuralNetwork.framework/Versions/A/MPSNeuralNetwork
0x000000001c0e4000 	/System/Library/Frameworks/MetalPerformanceShaders.framework/Frameworks/MPSMatrix.framework/Versions/A/MPSMatrix
0x000000001c0e4000 	/System/Library/PrivateFrameworks/MetalTools.framework/Versions/A/MetalTools
0x000000001c0e4000 	/System/Library/Frameworks/OpenGL.framework/Versions/A/Libraries/libGLU.dylib
0x000000001c0e4000 	/System/Library/Frameworks/OpenGL.framework/Versions/A/Libraries/libGFXShared.dylib
0x000000001c0e4000 	/System/Library/Frameworks/OpenGL.framework/Versions/A/Libraries/libGL.dylib
0x000000001c0e4000 	/System/Library/Frameworks/OpenGL.framework/Versions/A/Libraries/libGLImage.dylib
0x000000001c0e4000 	/System/Library/Frameworks/OpenGL.framework/Versions/A/Libraries/libCVMSPluginSupport.dylib
0x000000001c0e4000 	/System/Library/Frameworks/OpenGL.framework/Versions/A/Libraries/libCoreVMClient.dylib
0x000000001c0e4000 	/usr/lib/libcups.2.dylib
0x000000001c0e4000 	/System/Library/Frameworks/Kerberos.framework/Versions/A/Kerberos
0x000000001c0e4000 	/System/Library/Frameworks/GSS.framework/Versions/A/GSS
0x000000001c0e4000 	/usr/lib/libresolv.9.dylib
0x000000001c0e4000 	/usr/lib/libiconv.2.dylib
0x000000001c0e4000 	/System/Library/PrivateFrameworks/Heimdal.framework/Versions/A/Heimdal
0x000000001c0e4000 	/usr/lib/libheimdal-asn1.dylib
0x000000001c0e4000 	/System/Library/Frameworks/OpenDirectory.framework/Versions/A/OpenDirectory
0x000000001c0e4000 	/System/Library/PrivateFrameworks/CommonAuth.framework/Versions/A/CommonAuth
0x000000001c0e4000 	/System/Library/Frameworks/OpenDirectory.framework/Versions/A/Frameworks/CFOpenDirectory.framework/Versions/A/CFOpenDirectory
0x000000001c0e4000 	/System/Library/Frameworks/SecurityFoundation.framework/Versions/A/SecurityFoundation
0x000000001c0e4000 	/System/Library/PrivateFrameworks/APFS.framework/Versions/A/APFS
0x000000001c0e4000 	/usr/lib/libutil.dylib
0x000000001c0e4000 	/System/Library/PrivateFrameworks/AppleSauce.framework/Versions/A/AppleSauce
0x000000001c0e4000 	/System/Library/PrivateFrameworks/LinguisticData.framework/Versions/A/LinguisticData
0x000000001c0e4000 	/usr/lib/libmarisa.dylib
0x000000001c0e4000 	/System/Library/PrivateFrameworks/Lexicon.framework/Versions/A/Lexicon
0x000000001c0e4000 	/usr/lib/libChineseTokenizer.dylib
0x000000001c0e4000 	/usr/lib/libcmph.dylib
0x000000001c0e4000 	/System/Library/PrivateFrameworks/LanguageModeling.framework/Versions/A/LanguageModeling
0x000000001c0e4000 	/System/Library/PrivateFrameworks/CoreEmoji.framework/Versions/A/CoreEmoji
0x000000001c0e4000 	/System/Library/Frameworks/ServiceManagement.framework/Versions/A/ServiceManagement
0x000000001c0e4000 	/System/Library/PrivateFrameworks/BackgroundTaskManagement.framework/Versions/A/BackgroundTaskManagement
0x000000001c0e4000 	/usr/lib/libxslt.1.dylib
0x000000001c0e4000 	/System/Library/Frameworks/Carbon.framework/Versions/A/Frameworks/Ink.framework/Versions/A/Ink
0x000000001c0e4000 	/System/Library/PrivateFrameworks/TextureIO.framework/Versions/A/TextureIO
0x000000001c0e4000 	/usr/lib/libate.dylib
0x000000001c0e4000 	/System/Library/PrivateFrameworks/CrashReporterSupport.framework/Versions/A/CrashReporterSupport
0x000000001c0e4000 	/System/Library/PrivateFrameworks/Sharing.framework/Versions/A/Sharing
0x000000001c0e4000 	/System/Library/PrivateFrameworks/IconServices.framework/Versions/A/IconServices
0x000000001c0e4000 	/System/Library/PrivateFrameworks/AuthKit.framework/Versions/A/AuthKit
0x000000001c0e4000 	/System/Library/PrivateFrameworks/Apple80211.framework/Versions/A/Apple80211
0x000000001c0e4000 	/System/Library/PrivateFrameworks/CoreUtils.framework/Versions/A/CoreUtils
0x000000001c0e4000 	/System/Library/Frameworks/CoreWLAN.framework/Versions/A/CoreWLAN
0x000000001c0e4000 	/System/Library/Frameworks/IOBluetooth.framework/Versions/A/IOBluetooth
0x000000001c0e4000 	/System/Library/PrivateFrameworks/ProtocolBuffer.framework/Versions/A/ProtocolBuffer
0x000000001c0e4000 	/System/Library/PrivateFrameworks/MobileKeyBag.framework/Versions/A/MobileKeyBag
0x000000001c0e4000 	/System/Library/PrivateFrameworks/CorePhoneNumbers.framework/Versions/A/CorePhoneNumbers
0x000000001c0e4000 	/System/Library/PrivateFrameworks/AppleIDAuthSupport.framework/Versions/A/AppleIDAuthSupport
0x000000001c0e4000 	/System/Library/PrivateFrameworks/KeychainCircle.framework/Versions/A/KeychainCircle
0x000000001c0e4000 	/System/Library/PrivateFrameworks/CoreWiFi.framework/Versions/A/CoreWiFi
0x000000001c0e4000 	/System/Library/Frameworks/CoreBluetooth.framework/Versions/A/CoreBluetooth
0x000000001c0e4000 	/System/Library/PrivateFrameworks/DebugSymbols.framework/Versions/A/DebugSymbols
0x000000001c0e4000 	/System/Library/PrivateFrameworks/CoreSymbolication.framework/Versions/A/CoreSymbolication
0x000000001c0e4000 	/System/Library/PrivateFrameworks/Symbolication.framework/Versions/A/Symbolication
0x000000001c0e4000 	/System/Library/PrivateFrameworks/AppleFSCompression.framework/Versions/A/AppleFSCompression
0x000000001c0e4000 	/System/Library/PrivateFrameworks/SpeechRecognitionCore.framework/Versions/A/SpeechRecognitionCore
0x0000000110800000 	/Library/Java/JavaVirtualMachines/jdk1.8.0_161.jdk/Contents/Home/jre/lib/server/libjvm.dylib
0x000000001c0e4000 	/usr/lib/libstdc++.6.0.9.dylib
0x000000010f77d000 	/Library/Java/JavaVirtualMachines/jdk1.8.0_161.jdk/Contents/Home/jre/lib/libverify.dylib
0x000000010f78b000 	/Library/Java/JavaVirtualMachines/jdk1.8.0_161.jdk/Contents/Home/jre/lib/libjava.dylib
0x00000001117ae000 	/Library/Java/JavaVirtualMachines/jdk1.8.0_161.jdk/Contents/Home/jre/lib/libjdwp.dylib
0x000000010f7c2000 	/Library/Java/JavaVirtualMachines/jdk1.8.0_161.jdk/Contents/Home/jre/lib/libnpt.dylib
0x000000010f7cf000 	/Library/Java/JavaVirtualMachines/jdk1.8.0_161.jdk/Contents/Home/jre/lib/libzip.dylib
0x00000001133a2000 	/Library/Java/JavaVirtualMachines/jdk1.8.0_161.jdk/Contents/Home/jre/lib/libdt_socket.dylib
0x000000013c614000 	/Library/Java/JavaVirtualMachines/jdk1.8.0_161.jdk/Contents/Home/jre/lib/libnio.dylib
0x000000013c624000 	/Library/Java/JavaVirtualMachines/jdk1.8.0_161.jdk/Contents/Home/jre/lib/./libnet.dylib
0x000000013c688000 	/private/var/folders/t9/wts3ndjd2sj96cnx85ysw1cr0000gn/T/3895788520834229553/nu/pattern/opencv/osx/x86_64/libopencv_java249.dylib
0x000000001c0e4000 	/System/Library/Frameworks/QTKit.framework/Versions/A/QTKit
0x000000001c0e4000 	/System/Library/Frameworks/AVFoundation.framework/Versions/A/AVFoundation
0x000000001c0e4000 	/System/Library/Frameworks/CoreMedia.framework/Versions/A/CoreMedia
0x000000001c0e4000 	/System/Library/Frameworks/MediaToolbox.framework/Versions/A/MediaToolbox
0x000000001c0e4000 	/System/Library/Frameworks/VideoToolbox.framework/Versions/A/VideoToolbox
0x000000001c0e4000 	/System/Library/Frameworks/Carbon.framework/Versions/A/Carbon
0x000000001c0e4000 	/System/Library/PrivateFrameworks/CoreMediaAuthoring.framework/Versions/A/CoreMediaAuthoring
0x000000001c0e4000 	/System/Library/Frameworks/CoreMediaIO.framework/Versions/A/CoreMediaIO
0x000000001c0e4000 	/System/Library/Frameworks/AVFoundation.framework/Versions/A/Frameworks/AVFAudio.framework/Versions/A/AVFAudio
0x000000001c0e4000 	/System/Library/PrivateFrameworks/IntlPreferences.framework/Versions/A/IntlPreferences
0x000000001c0e4000 	/System/Library/PrivateFrameworks/RemoteServiceDiscovery.framework/Versions/A/RemoteServiceDiscovery
0x000000001c0e4000 	/System/Library/PrivateFrameworks/RemoteXPC.framework/Versions/A/RemoteXPC
0x000000001c0e4000 	/usr/lib/libspindump.dylib
0x000000001c0e4000 	/System/Library/PrivateFrameworks/CoreAVCHD.framework/Versions/A/CoreAVCHD
0x000000001c0e4000 	/System/Library/Frameworks/MediaAccessibility.framework/Versions/A/MediaAccessibility
0x000000001c0e4000 	/System/Library/PrivateFrameworks/Mangrove.framework/Versions/A/Mangrove
0x000000001c0e4000 	/System/Library/PrivateFrameworks/CoreAUC.framework/Versions/A/CoreAUC
0x000000001c0e4000 	/System/Library/PrivateFrameworks/AppleVA.framework/Versions/A/AppleVA
0x000000001c0e4000 	/System/Library/PrivateFrameworks/InternationalSupport.framework/Versions/A/InternationalSupport
0x000000001c0e4000 	/System/Library/Frameworks/Carbon.framework/Versions/A/Frameworks/CommonPanels.framework/Versions/A/CommonPanels
0x000000001c0e4000 	/System/Library/Frameworks/Carbon.framework/Versions/A/Frameworks/Help.framework/Versions/A/Help
0x000000001c0e4000 	/System/Library/Frameworks/Carbon.framework/Versions/A/Frameworks/ImageCapture.framework/Versions/A/ImageCapture
0x000000001c0e4000 	/System/Library/Frameworks/Carbon.framework/Versions/A/Frameworks/OpenScripting.framework/Versions/A/OpenScripting
0x000000001c0e4000 	/System/Library/Frameworks/Carbon.framework/Versions/A/Frameworks/Print.framework/Versions/A/Print
0x000000001c0e4000 	/System/Library/Frameworks/Carbon.framework/Versions/A/Frameworks/SecurityHI.framework/Versions/A/SecurityHI
0x000000013da98000 	/Library/Java/JavaVirtualMachines/jdk1.8.0_161.jdk/Contents/Home/jre/lib/libawt.dylib
0x000000013db42000 	/Library/Java/JavaVirtualMachines/jdk1.8.0_161.jdk/Contents/Home/jre/lib/./libmlib_image.dylib
0x000000001c0e4000 	/System/Library/Frameworks/JavaVM.framework/Versions/A/Frameworks/JavaNativeFoundation.framework/Versions/A/JavaNativeFoundation
0x000000001c0e4000 	/System/Library/Frameworks/JavaVM.framework/Versions/A/Frameworks/JavaRuntimeSupport.framework/Versions/A/JavaRuntimeSupport
0x000000001c0e4000 	/System/Library/Frameworks/JavaVM.framework/Versions/A/JavaVM
0x000000001c0e4000 	/System/Library/PrivateFrameworks/JavaLaunching.framework/Versions/A/JavaLaunching
0x000000013dc0e000 	/Library/Java/JavaVirtualMachines/jdk1.8.0_161.jdk/Contents/Home/jre/lib/libawt_lwawt.dylib
0x000000013dcc8000 	/Library/Java/JavaVirtualMachines/jdk1.8.0_161.jdk/Contents/Home/jre/lib/./libosxapp.dylib
0x000000001c0e4000 	/System/Library/Frameworks/ExceptionHandling.framework/Versions/A/ExceptionHandling
0x000000001c0e4000 	/System/Library/PrivateFrameworks/CoreServicesInternal.framework/Versions/A/CoreServicesInternal
0x000000001c0e4000 	/System/Library/CoreServices/RawCamera.bundle/Contents/MacOS/RawCamera
0x000000001c0e4000 	/System/Library/PrivateFrameworks/MobileAsset.framework/Versions/A/MobileAsset
0x000000001c0e4000 	/System/Library/PrivateFrameworks/StreamingZip.framework/Versions/A/StreamingZip
0x000000001c0e4000 	/System/Library/Frameworks/Accelerate.framework/Versions/A/Frameworks/vImage.framework/Versions/A/Libraries/libCGInterfaces.dylib
0x000000001c0e4000 	/System/Library/Frameworks/ApplicationServices.framework/Versions/A/Frameworks/ATS.framework/Versions/A/Resources/libTrueTypeScaler.dylib
0x000000001c0e4000 	/System/Library/Extensions/AppleIntelHD5000GraphicsMTLDriver.bundle/Contents/MacOS/AppleIntelHD5000GraphicsMTLDriver
0x000000001c0e4000 	/System/Library/PrivateFrameworks/GPUCompiler.framework/Versions/3802/Libraries/libmetal_timestamp.dylib
0x000000001c0e4000 	/System/Library/PrivateFrameworks/FamilyControls.framework/Versions/A/FamilyControls
0x000000001c0e4000 	/System/Library/PrivateFrameworks/CommerceKit.framework/Versions/A/Frameworks/CommerceCore.framework/Versions/A/CommerceCore
0x000000001c0e4000 	/System/Library/PrivateFrameworks/SystemAdministration.framework/Versions/A/SystemAdministration
0x000000001c0e4000 	/System/Library/PrivateFrameworks/AppContainer.framework/Versions/A/AppContainer
0x000000001c0e4000 	/System/Library/PrivateFrameworks/SecCodeWrapper.framework/Versions/A/SecCodeWrapper
0x000000001c0e4000 	/System/Library/PrivateFrameworks/DiskManagement.framework/Versions/A/DiskManagement
0x000000001c0e4000 	/System/Library/Frameworks/DirectoryService.framework/Versions/A/DirectoryService
0x000000001c0e4000 	/System/Library/PrivateFrameworks/DiskImages.framework/Versions/A/DiskImages
0x000000001c0e4000 	/System/Library/PrivateFrameworks/LoginUIKit.framework/Versions/A/Frameworks/LoginUICore.framework/Versions/A/LoginUICore
0x000000001c0e4000 	/usr/lib/libCoreStorage.dylib
0x000000001c0e4000 	/usr/lib/libcsfde.dylib
0x000000001c0e4000 	/usr/lib/libodfde.dylib
0x000000001c0e4000 	/System/Library/PrivateFrameworks/MediaKit.framework/Versions/A/MediaKit
0x000000001c0e4000 	/System/Library/Frameworks/DiscRecording.framework/Versions/A/DiscRecording
0x000000001c0e4000 	/System/Library/PrivateFrameworks/EFILogin.framework/Versions/A/EFILogin
0x000000001c0e4000 	/System/Library/PrivateFrameworks/ProtectedCloudStorage.framework/Versions/A/ProtectedCloudStorage
0x000000001c0e4000 	/usr/lib/libcurl.4.dylib
0x000000001c0e4000 	/usr/lib/libcrypto.35.dylib
0x000000001c0e4000 	/usr/lib/libssl.35.dylib
0x000000001c0e4000 	/System/Library/Frameworks/LDAP.framework/Versions/A/LDAP
0x000000001c0e4000 	/System/Library/PrivateFrameworks/TrustEvaluationAgent.framework/Versions/A/TrustEvaluationAgent
0x000000001c0e4000 	/usr/lib/libsasl2.2.dylib
0x000000001c0e4000 	/System/Library/PrivateFrameworks/CoreDaemon.framework/Versions/B/CoreDaemon
0x000000001c0e4000 	/System/Library/PrivateFrameworks/AppleSRP.framework/Versions/A/AppleSRP
0x0000000140c06000 	/Library/Java/JavaVirtualMachines/jdk1.8.0_161.jdk/Contents/Home/jre/lib/liblcms.dylib
0x0000000140e5a000 	/Library/Java/JavaVirtualMachines/jdk1.8.0_161.jdk/Contents/Home/jre/lib/libjpeg.dylib
0x000000001c0e4000 	/System/Library/PrivateFrameworks/ViewBridge.framework/Versions/A/ViewBridge
0x000000001c0e4000 	/System/Library/Frameworks/OpenGL.framework/Versions/A/Resources/GLEngine.bundle/GLEngine
0x000000001c0e4000 	/System/Library/Frameworks/OpenGL.framework/Versions/A/Libraries/libGLProgrammability.dylib
0x00000001414a1000 	/System/Library/Extensions/AppleIntelHD5000GraphicsGLDriver.bundle/Contents/MacOS/AppleIntelHD5000GraphicsGLDriver
0x000000001c0e4000 	/System/Library/PrivateFrameworks/GPUSupport.framework/Versions/A/Libraries/libGPUSupportMercury.dylib
0x000000001c0e4000 	/System/Library/Frameworks/OpenGL.framework/Versions/A/Resources/GLRendererFloat.bundle/GLRendererFloat
0x000000001c0e4000 	/System/Library/Frameworks/OpenCL.framework/Versions/A/Libraries/libcldcpuengine.dylib

VM Arguments:
jvm_args: -agentlib:jdwp=transport=dt_socket,suspend=y,address=localhost:64960 -Xms1G -Xmx10G -Dfile.encoding=UTF-8 
java_command: com.taiger.kp.preprocess.App
java_class_path (initial): /Library/Java/JavaVirtualMachines/jdk1.8.0_161.jdk/Contents/Home/jre/lib/resources.jar:/Library/Java/JavaVirtualMachines/jdk1.8.0_161.jdk/Contents/Home/jre/lib/rt.jar:/Library/Java/JavaVirtualMachines/jdk1.8.0_161.jdk/Contents/Home/jre/lib/jsse.jar:/Library/Java/JavaVirtualMachines/jdk1.8.0_161.jdk/Contents/Home/jre/lib/jce.jar:/Library/Java/JavaVirtualMachines/jdk1.8.0_161.jdk/Contents/Home/jre/lib/charsets.jar:/Library/Java/JavaVirtualMachines/jdk1.8.0_161.jdk/Contents/Home/jre/lib/jfr.jar:/Library/Java/JavaVirtualMachines/jdk1.8.0_161.jdk/Contents/Home/jre/lib/ext/sunec.jar:/Library/Java/JavaVirtualMachines/jdk1.8.0_161.jdk/Contents/Home/jre/lib/ext/nashorn.jar:/Library/Java/JavaVirtualMachines/jdk1.8.0_161.jdk/Contents/Home/jre/lib/ext/cldrdata.jar:/Library/Java/JavaVirtualMachines/jdk1.8.0_161.jdk/Contents/Home/jre/lib/ext/jfxrt.jar:/Library/Java/JavaVirtualMachines/jdk1.8.0_161.jdk/Contents/Home/jre/lib/ext/dnsns.jar:/Library/Java/JavaVirtualMachines/jdk1.8.0_161.jdk/Contents/Home/jre/lib/ext/localedata.jar:/Library/Java/JavaVirtualMachines/jdk1.8.0_161.jdk/Contents/Home/jre/lib/ext/sunjce_provider.jar:/Library/Java/JavaVirtualMachines/jdk1.8.0_161.jdk/Contents/Home/jre/lib/ext/sunpkcs11.jar:/Library/Java/JavaVirtualMachines/jdk1.8.0_161.jdk/Contents/Home/jre/lib/ext/jaccess.jar:/Library/Java/JavaVirtualMachines/jdk1.8.0_161.jdk/Contents/Home/jre/lib/ext/zipfs.jar:/System/Library/Java/Extensions/MRJToolkit.jar:/Users/jorge.rios/eclipse-workspace/preprocess/target/classes:/Users/jorge.rios/.m2/repository/org/springframework/boot/spring-boot-starter-test/2.0.5.RELEASE/spring-boot-starter-test-2.0.5.RELEASE.jar:/Users/jorge.rios/.m2/repository/org/springframework/boot/spring-boot-starter/2.0.5.RELEASE/spring-boot-starter-2.0.5.RELEASE.jar:/Users/jorge.rios/.m2/repository/org/springframework/boot/spring-boot/2.0.5.RELEASE/spring-boot-2.0.5.RELEASE.jar:/Users/jorge.rios/.m2/repository/org/springframework/spring-context/5.0.9.RELEASE/spr
Launcher Type: SUN_STANDARD

Environment Variables:
PATH=/usr/bin:/bin:/usr/sbin:/sbin
SHELL=/bin/zsh

Signal Handlers:
SIGSEGV: [libjvm.dylib+0x5b5439], sa_mask[0]=11111111011111110111111111111111, sa_flags=SA_ONSTACK|SA_RESTART|SA_SIGINFO
SIGBUS: [libjvm.dylib+0x5b5439], sa_mask[0]=11111111011111110111111111111111, sa_flags=SA_RESTART|SA_SIGINFO
SIGFPE: [libjvm.dylib+0x48ae24], sa_mask[0]=11111111011111110111111111111111, sa_flags=SA_RESTART|SA_SIGINFO
SIGPIPE: [libjvm.dylib+0x48ae24], sa_mask[0]=11111111011111110111111111111111, sa_flags=SA_RESTART|SA_SIGINFO
SIGXFSZ: [libjvm.dylib+0x48ae24], sa_mask[0]=11111111011111110111111111111111, sa_flags=SA_RESTART|SA_SIGINFO
SIGILL: [libjvm.dylib+0x48ae24], sa_mask[0]=11111111011111110111111111111111, sa_flags=SA_RESTART|SA_SIGINFO
SIGUSR1: SIG_DFL, sa_mask[0]=00000000000000000000000000000000, sa_flags=none
SIGUSR2: [libjvm.dylib+0x48a942], sa_mask[0]=00100000000000000000000000000000, sa_flags=SA_RESTART|SA_SIGINFO
SIGHUP: [libjvm.dylib+0x488f0d], sa_mask[0]=11111111011111110111111111111111, sa_flags=SA_RESTART|SA_SIGINFO
SIGINT: [libjvm.dylib+0x488f0d], sa_mask[0]=11111111011111110111111111111111, sa_flags=SA_RESTART|SA_SIGINFO
SIGTERM: [libjvm.dylib+0x488f0d], sa_mask[0]=11111111011111110111111111111111, sa_flags=SA_RESTART|SA_SIGINFO
SIGQUIT: [libjvm.dylib+0x488f0d], sa_mask[0]=11111111011111110111111111111111, sa_flags=SA_RESTART|SA_SIGINFO


---------------  S Y S T E M  ---------------

OS:Bsduname:Darwin 17.7.0 Darwin Kernel Version 17.7.0: Thu Jun 21 22:53:14 PDT 2018; root:xnu-4570.71.2~1/RELEASE_X86_64 x86_64
rlimit: STACK 8192k, CORE 0k, NPROC 1418, NOFILE 10240, AS infinity
load average:2.29 2.06 2.08

CPU:total 8 (initial active 8) (4 cores per cpu, 2 threads per core) family 6 model 70 stepping 1, cmov, cx8, fxsr, mmx, sse, sse2, sse3, ssse3, sse4.1, sse4.2, popcnt, avx, avx2, aes, clmul, erms, lzcnt, ht, tsc, tscinvbit, bmi1, bmi2

Memory: 4k page, physical 16777216k(18548k free)

/proc/meminfo:


vm_info: Java HotSpot(TM) 64-Bit Server VM (25.161-b12) for bsd-amd64 JRE (1.8.0_161-b12), built on Dec 19 2017 16:22:20 by "java_re" with gcc 4.2.1 (Based on Apple Inc. build 5658) (LLVM build 2336.11.00)

time: Tue Oct  2 13:47:09 2018
elapsed time: 9 seconds (0d 0h 0m 9s)

